{"/Users/sojikoeie/Desktop/Generative_Quiz_Application/server/listening-quiz-transactions/services/lquizapiservice.ts": {"path":"/Users/sojikoeie/Desktop/Generative_Quiz_Application/server/listening-quiz-transactions/services/lquizapiservice.ts","statementMap":{"0":{"start":{"line":25,"column":31},"end":{"line":110,"column":2}},"1":{"start":{"line":117,"column":20},"end":{"line":117,"column":64}},"2":{"start":{"line":118,"column":24},"end":{"line":118,"column":66}},"3":{"start":{"line":119,"column":4},"end":{"line":119,"column":32}},"4":{"start":{"line":125,"column":25},"end":{"line":150,"column":6}},"5":{"start":{"line":152,"column":17},"end":{"line":152,"column":80}},"6":{"start":{"line":155,"column":26},"end":{"line":155,"column":74}},"7":{"start":{"line":156,"column":26},"end":{"line":156,"column":56}},"8":{"start":{"line":158,"column":4},"end":{"line":238,"column":9}},"9":{"start":{"line":172,"column":44},"end":{"line":172,"column":55}},"10":{"start":{"line":175,"column":40},"end":{"line":175,"column":52}},"11":{"start":{"line":178,"column":40},"end":{"line":178,"column":51}},"12":{"start":{"line":243,"column":4},"end":{"line":294,"column":5}},"13":{"start":{"line":244,"column":25},"end":{"line":266,"column":10}},"14":{"start":{"line":267,"column":8},"end":{"line":269,"column":9}},"15":{"start":{"line":268,"column":12},"end":{"line":268,"column":116}},"16":{"start":{"line":271,"column":21},"end":{"line":271,"column":42}},"17":{"start":{"line":272,"column":30},"end":{"line":272,"column":69}},"18":{"start":{"line":274,"column":24},"end":{"line":274,"column":64}},"19":{"start":{"line":275,"column":30},"end":{"line":275,"column":49}},"20":{"start":{"line":277,"column":36},"end":{"line":277,"column":101}},"21":{"start":{"line":278,"column":8},"end":{"line":281,"column":9}},"22":{"start":{"line":279,"column":12},"end":{"line":279,"column":78}},"23":{"start":{"line":280,"column":12},"end":{"line":280,"column":80}},"24":{"start":{"line":283,"column":8},"end":{"line":283,"column":40}},"25":{"start":{"line":285,"column":8},"end":{"line":293,"column":9}},"26":{"start":{"line":286,"column":12},"end":{"line":286,"column":70}},"27":{"start":{"line":287,"column":12},"end":{"line":287,"column":106}},"28":{"start":{"line":288,"column":14},"end":{"line":293,"column":9}},"29":{"start":{"line":289,"column":12},"end":{"line":289,"column":24}},"30":{"start":{"line":291,"column":8},"end":{"line":291,"column":62}},"31":{"start":{"line":292,"column":8},"end":{"line":292,"column":83}},"32":{"start":{"line":300,"column":32},"end":{"line":335,"column":11}},"33":{"start":{"line":353,"column":32},"end":{"line":353,"column":73}},"34":{"start":{"line":354,"column":12},"end":{"line":354,"column":39}},"35":{"start":{"line":358,"column":27},"end":{"line":358,"column":46}},"36":{"start":{"line":359,"column":30},"end":{"line":359,"column":86}},"37":{"start":{"line":362,"column":30},"end":{"line":362,"column":74}},"38":{"start":{"line":364,"column":30},"end":{"line":366,"column":10}},"39":{"start":{"line":365,"column":12},"end":{"line":365,"column":64}},"40":{"start":{"line":368,"column":8},"end":{"line":379,"column":9}},"41":{"start":{"line":384,"column":32},"end":{"line":386,"column":56}},"42":{"start":{"line":388,"column":30},"end":{"line":388,"column":62}},"43":{"start":{"line":390,"column":8},"end":{"line":397,"column":2}},"44":{"start":{"line":402,"column":8},"end":{"line":407,"column":37}},"45":{"start":{"line":418,"column":4},"end":{"line":484,"column":5}},"46":{"start":{"line":420,"column":8},"end":{"line":422,"column":9}},"47":{"start":{"line":421,"column":12},"end":{"line":421,"column":76}},"48":{"start":{"line":425,"column":8},"end":{"line":425,"column":27}},"49":{"start":{"line":428,"column":28},"end":{"line":428,"column":56}},"50":{"start":{"line":431,"column":25},"end":{"line":450,"column":10}},"51":{"start":{"line":453,"column":8},"end":{"line":457,"column":9}},"52":{"start":{"line":454,"column":30},"end":{"line":454,"column":51}},"53":{"start":{"line":455,"column":12},"end":{"line":455,"column":72}},"54":{"start":{"line":456,"column":12},"end":{"line":456,"column":88}},"55":{"start":{"line":459,"column":21},"end":{"line":459,"column":80}},"56":{"start":{"line":461,"column":8},"end":{"line":463,"column":9}},"57":{"start":{"line":462,"column":12},"end":{"line":462,"column":50}},"58":{"start":{"line":466,"column":32},"end":{"line":466,"column":72}},"59":{"start":{"line":469,"column":29},"end":{"line":472,"column":null}},"60":{"start":{"line":475,"column":30},"end":{"line":475,"column":94}},"61":{"start":{"line":475,"column":68},"end":{"line":475,"column":90}},"62":{"start":{"line":477,"column":8},"end":{"line":477,"column":79}},"63":{"start":{"line":479,"column":8},"end":{"line":479,"column":28}},"64":{"start":{"line":482,"column":8},"end":{"line":482,"column":48}},"65":{"start":{"line":483,"column":8},"end":{"line":483,"column":52}},"66":{"start":{"line":490,"column":4},"end":{"line":492,"column":5}},"67":{"start":{"line":491,"column":8},"end":{"line":491,"column":36}},"68":{"start":{"line":495,"column":4},"end":{"line":497,"column":5}},"69":{"start":{"line":496,"column":8},"end":{"line":496,"column":43}},"70":{"start":{"line":500,"column":21},"end":{"line":500,"column":79}},"71":{"start":{"line":501,"column":23},"end":{"line":501,"column":69}},"72":{"start":{"line":501,"column":46},"end":{"line":501,"column":68}},"73":{"start":{"line":502,"column":21},"end":{"line":502,"column":65}},"74":{"start":{"line":502,"column":44},"end":{"line":502,"column":64}},"75":{"start":{"line":504,"column":4},"end":{"line":506,"column":5}},"76":{"start":{"line":505,"column":8},"end":{"line":505,"column":50}},"77":{"start":{"line":508,"column":4},"end":{"line":510,"column":5}},"78":{"start":{"line":509,"column":8},"end":{"line":509,"column":97}},"79":{"start":{"line":513,"column":4},"end":{"line":515,"column":5}},"80":{"start":{"line":514,"column":8},"end":{"line":514,"column":76}},"81":{"start":{"line":517,"column":4},"end":{"line":517,"column":52}},"82":{"start":{"line":522,"column":4},"end":{"line":536,"column":5}},"83":{"start":{"line":522,"column":17},"end":{"line":522,"column":18}},"84":{"start":{"line":523,"column":29},"end":{"line":523,"column":57}},"85":{"start":{"line":524,"column":27},"end":{"line":524,"column":53}},"86":{"start":{"line":526,"column":27},"end":{"line":526,"column":53}},"87":{"start":{"line":527,"column":25},"end":{"line":527,"column":49}},"88":{"start":{"line":529,"column":8},"end":{"line":531,"column":9}},"89":{"start":{"line":530,"column":12},"end":{"line":530,"column":55}},"90":{"start":{"line":533,"column":8},"end":{"line":535,"column":9}},"91":{"start":{"line":534,"column":12},"end":{"line":534,"column":53}},"92":{"start":{"line":548,"column":4},"end":{"line":550,"column":5}},"93":{"start":{"line":549,"column":8},"end":{"line":549,"column":45}},"94":{"start":{"line":552,"column":25},"end":{"line":552,"column":54}},"95":{"start":{"line":553,"column":23},"end":{"line":553,"column":43}},"96":{"start":{"line":556,"column":4},"end":{"line":558,"column":5}},"97":{"start":{"line":557,"column":8},"end":{"line":557,"column":69}},"98":{"start":{"line":561,"column":34},"end":{"line":561,"column":74}},"99":{"start":{"line":564,"column":44},"end":{"line":564,"column":46}},"100":{"start":{"line":567,"column":4},"end":{"line":572,"column":6}},"101":{"start":{"line":579,"column":4},"end":{"line":581,"column":5}},"102":{"start":{"line":580,"column":8},"end":{"line":580,"column":46}},"103":{"start":{"line":582,"column":4},"end":{"line":584,"column":5}},"104":{"start":{"line":583,"column":8},"end":{"line":583,"column":60}},"105":{"start":{"line":585,"column":4},"end":{"line":587,"column":5}},"106":{"start":{"line":586,"column":8},"end":{"line":586,"column":49}},"107":{"start":{"line":590,"column":20},"end":{"line":590,"column":45}},"108":{"start":{"line":591,"column":8},"end":{"line":593,"column":7}},"109":{"start":{"line":592,"column":8},"end":{"line":592,"column":49}},"110":{"start":{"line":595,"column":22},"end":{"line":595,"column":24}},"111":{"start":{"line":596,"column":26},"end":{"line":596,"column":50}},"112":{"start":{"line":599,"column":4},"end":{"line":611,"column":5}},"113":{"start":{"line":599,"column":17},"end":{"line":599,"column":18}},"114":{"start":{"line":600,"column":26},"end":{"line":600,"column":52}},"115":{"start":{"line":601,"column":24},"end":{"line":601,"column":48}},"116":{"start":{"line":603,"column":8},"end":{"line":610,"column":9}},"117":{"start":{"line":604,"column":12},"end":{"line":607,"column":15}},"118":{"start":{"line":609,"column":12},"end":{"line":609,"column":58}},"119":{"start":{"line":613,"column":4},"end":{"line":613,"column":21}},"120":{"start":{"line":625,"column":4},"end":{"line":627,"column":5}},"121":{"start":{"line":626,"column":8},"end":{"line":626,"column":45}},"122":{"start":{"line":629,"column":20},"end":{"line":629,"column":31}},"123":{"start":{"line":630,"column":26},"end":{"line":630,"column":71}},"124":{"start":{"line":632,"column":4},"end":{"line":657,"column":5}},"125":{"start":{"line":634,"column":8},"end":{"line":634,"column":55}},"126":{"start":{"line":637,"column":29},"end":{"line":646,"column":null}},"127":{"start":{"line":639,"column":16},"end":{"line":644,"column":null}},"128":{"start":{"line":649,"column":8},"end":{"line":649,"column":28}},"129":{"start":{"line":652,"column":8},"end":{"line":652,"column":41}},"130":{"start":{"line":653,"column":8},"end":{"line":653,"column":20}},"131":{"start":{"line":656,"column":8},"end":{"line":656,"column":55}},"132":{"start":{"line":669,"column":20},"end":{"line":669,"column":31}},"133":{"start":{"line":670,"column":27},"end":{"line":670,"column":88}},"134":{"start":{"line":673,"column":25},"end":{"line":673,"column":87}},"135":{"start":{"line":674,"column":27},"end":{"line":674,"column":116}},"136":{"start":{"line":675,"column":21},"end":{"line":675,"column":60}},"137":{"start":{"line":677,"column":4},"end":{"line":723,"column":5}},"138":{"start":{"line":678,"column":8},"end":{"line":678,"column":54}},"139":{"start":{"line":681,"column":21},"end":{"line":689,"column":10}},"140":{"start":{"line":691,"column":8},"end":{"line":705,"column":11}},"141":{"start":{"line":692,"column":34},"end":{"line":692,"column":57}},"142":{"start":{"line":694,"column":25},"end":{"line":694,"column":27}},"143":{"start":{"line":695,"column":12},"end":{"line":697,"column":15}},"144":{"start":{"line":696,"column":16},"end":{"line":696,"column":42}},"145":{"start":{"line":699,"column":12},"end":{"line":702,"column":15}},"146":{"start":{"line":700,"column":16},"end":{"line":701,"column":67}},"147":{"start":{"line":700,"column":32},"end":{"line":700,"column":42}},"148":{"start":{"line":701,"column":21},"end":{"line":701,"column":67}},"149":{"start":{"line":704,"column":12},"end":{"line":704,"column":46}},"150":{"start":{"line":708,"column":30},"end":{"line":708,"column":70}},"151":{"start":{"line":709,"column":8},"end":{"line":709,"column":57}},"152":{"start":{"line":711,"column":8},"end":{"line":716,"column":10}},"153":{"start":{"line":719,"column":8},"end":{"line":719,"column":27}},"154":{"start":{"line":720,"column":8},"end":{"line":720,"column":47}},"155":{"start":{"line":722,"column":8},"end":{"line":722,"column":56}},"156":{"start":{"line":728,"column":4},"end":{"line":743,"column":5}},"157":{"start":{"line":729,"column":21},"end":{"line":731,"column":10}},"158":{"start":{"line":733,"column":23},"end":{"line":733,"column":45}},"159":{"start":{"line":734,"column":28},"end":{"line":734,"column":57}},"160":{"start":{"line":736,"column":8},"end":{"line":738,"column":9}},"161":{"start":{"line":737,"column":12},"end":{"line":737,"column":50}},"162":{"start":{"line":740,"column":8},"end":{"line":740,"column":33}},"163":{"start":{"line":742,"column":8},"end":{"line":742,"column":60}}},"fnMap":{"0":{"name":"getRandomSpeakerAccent","decl":{"start":{"line":116,"column":16},"end":{"line":116,"column":38}},"loc":{"start":{"line":116,"column":38},"end":{"line":120,"column":1}}},"1":{"name":"generatePrompt","decl":{"start":{"line":123,"column":16},"end":{"line":123,"column":30}},"loc":{"start":{"line":123,"column":59},"end":{"line":239,"column":1}}},"2":{"name":"(anonymous_2)","decl":{"start":{"line":172,"column":36},"end":{"line":172,"column":40}},"loc":{"start":{"line":172,"column":44},"end":{"line":172,"column":55}}},"3":{"name":"(anonymous_3)","decl":{"start":{"line":175,"column":31},"end":{"line":175,"column":36}},"loc":{"start":{"line":175,"column":40},"end":{"line":175,"column":52}}},"4":{"name":"(anonymous_4)","decl":{"start":{"line":178,"column":32},"end":{"line":178,"column":36}},"loc":{"start":{"line":178,"column":40},"end":{"line":178,"column":51}}},"5":{"name":"callChatGPT","decl":{"start":{"line":242,"column":22},"end":{"line":242,"column":33}},"loc":{"start":{"line":242,"column":48},"end":{"line":295,"column":1}}},"6":{"name":"(anonymous_6)","decl":{"start":{"line":352,"column":4},"end":{"line":352,"column":10}},"loc":{"start":{"line":352,"column":78},"end":{"line":355,"column":9}}},"7":{"name":"(anonymous_7)","decl":{"start":{"line":357,"column":4},"end":{"line":357,"column":10}},"loc":{"start":{"line":357,"column":62},"end":{"line":380,"column":5}}},"8":{"name":"(anonymous_8)","decl":{"start":{"line":364,"column":51},"end":{"line":364,"column":52}},"loc":{"start":{"line":364,"column":71},"end":{"line":366,"column":9}}},"9":{"name":"(anonymous_9)","decl":{"start":{"line":382,"column":12},"end":{"line":382,"column":18}},"loc":{"start":{"line":382,"column":90},"end":{"line":398,"column":5}}},"10":{"name":"(anonymous_10)","decl":{"start":{"line":401,"column":12},"end":{"line":401,"column":18}},"loc":{"start":{"line":401,"column":42},"end":{"line":408,"column":5}}},"11":{"name":"callGoogleCloudTTS","decl":{"start":{"line":417,"column":22},"end":{"line":417,"column":40}},"loc":{"start":{"line":417,"column":80},"end":{"line":485,"column":1}}},"12":{"name":"(anonymous_12)","decl":{"start":{"line":475,"column":50},"end":{"line":475,"column":51}},"loc":{"start":{"line":475,"column":68},"end":{"line":475,"column":90}}},"13":{"name":"validateSSML","decl":{"start":{"line":488,"column":9},"end":{"line":488,"column":21}},"loc":{"start":{"line":488,"column":34},"end":{"line":518,"column":1}}},"14":{"name":"(anonymous_14)","decl":{"start":{"line":501,"column":39},"end":{"line":501,"column":42}},"loc":{"start":{"line":501,"column":46},"end":{"line":501,"column":68}}},"15":{"name":"(anonymous_15)","decl":{"start":{"line":502,"column":37},"end":{"line":502,"column":40}},"loc":{"start":{"line":502,"column":44},"end":{"line":502,"column":64}}},"16":{"name":"validateMarkTagOrder","decl":{"start":{"line":521,"column":9},"end":{"line":521,"column":29}},"loc":{"start":{"line":521,"column":65},"end":{"line":537,"column":1}}},"17":{"name":"extractQuestionTimeRangeList","decl":{"start":{"line":576,"column":9},"end":{"line":576,"column":37}},"loc":{"start":{"line":576,"column":101},"end":{"line":614,"column":1}}},"18":{"name":"(anonymous_19)","decl":{"start":{"line":591,"column":30},"end":{"line":591,"column":32}},"loc":{"start":{"line":591,"column":35},"end":{"line":593,"column":5}}},"19":{"name":"extractMultipleAudioSegments","decl":{"start":{"line":617,"column":15},"end":{"line":617,"column":43}},"loc":{"start":{"line":621,"column":22},"end":{"line":658,"column":1}}},"20":{"name":"(anonymous_21)","decl":{"start":{"line":638,"column":38},"end":{"line":638,"column":39}},"loc":{"start":{"line":639,"column":16},"end":{"line":644,"column":null}}},"21":{"name":"(anonymous_22)","decl":{"start":{"line":656,"column":45},"end":{"line":656,"column":48}},"loc":{"start":{"line":656,"column":50},"end":{"line":656,"column":53}}},"22":{"name":"extractSingleSegment","decl":{"start":{"line":661,"column":15},"end":{"line":661,"column":35}},"loc":{"start":{"line":666,"column":22},"end":{"line":724,"column":1}}},"23":{"name":"(anonymous_24)","decl":{"start":{"line":691,"column":32},"end":{"line":691,"column":33}},"loc":{"start":{"line":691,"column":52},"end":{"line":705,"column":9}}},"24":{"name":"(anonymous_25)","decl":{"start":{"line":695,"column":44},"end":{"line":695,"column":45}},"loc":{"start":{"line":695,"column":53},"end":{"line":697,"column":13}}},"25":{"name":"(anonymous_26)","decl":{"start":{"line":699,"column":38},"end":{"line":699,"column":39}},"loc":{"start":{"line":699,"column":47},"end":{"line":702,"column":13}}},"26":{"name":"(anonymous_27)","decl":{"start":{"line":722,"column":46},"end":{"line":722,"column":49}},"loc":{"start":{"line":722,"column":51},"end":{"line":722,"column":54}}},"27":{"name":"getGoogleAccessToken","decl":{"start":{"line":727,"column":15},"end":{"line":727,"column":35}},"loc":{"start":{"line":727,"column":35},"end":{"line":744,"column":1}}}},"branchMap":{"0":{"loc":{"start":{"line":155,"column":26},"end":{"line":155,"column":74}},"type":"binary-expr","locations":[{"start":{"line":155,"column":26},"end":{"line":155,"column":46}},{"start":{"line":155,"column":50},"end":{"line":155,"column":74}}]},"1":{"loc":{"start":{"line":267,"column":8},"end":{"line":269,"column":9}},"type":"if","locations":[{"start":{"line":267,"column":8},"end":{"line":269,"column":9}}]},"2":{"loc":{"start":{"line":278,"column":8},"end":{"line":281,"column":9}},"type":"if","locations":[{"start":{"line":278,"column":8},"end":{"line":281,"column":9}}]},"3":{"loc":{"start":{"line":285,"column":8},"end":{"line":293,"column":9}},"type":"if","locations":[{"start":{"line":285,"column":8},"end":{"line":293,"column":9}},{"start":{"line":288,"column":14},"end":{"line":293,"column":9}}]},"4":{"loc":{"start":{"line":288,"column":14},"end":{"line":293,"column":9}},"type":"if","locations":[{"start":{"line":288,"column":14},"end":{"line":293,"column":9}},{"start":{"line":290,"column":15},"end":{"line":293,"column":9}}]},"5":{"loc":{"start":{"line":420,"column":8},"end":{"line":422,"column":9}},"type":"if","locations":[{"start":{"line":420,"column":8},"end":{"line":422,"column":9}}]},"6":{"loc":{"start":{"line":436,"column":39},"end":{"line":436,"column":80}},"type":"binary-expr","locations":[{"start":{"line":436,"column":39},"end":{"line":436,"column":74}},{"start":{"line":436,"column":78},"end":{"line":436,"column":80}}]},"7":{"loc":{"start":{"line":453,"column":8},"end":{"line":457,"column":9}},"type":"if","locations":[{"start":{"line":453,"column":8},"end":{"line":457,"column":9}}]},"8":{"loc":{"start":{"line":461,"column":8},"end":{"line":463,"column":9}},"type":"if","locations":[{"start":{"line":461,"column":8},"end":{"line":463,"column":9}}]},"9":{"loc":{"start":{"line":471,"column":12},"end":{"line":471,"column":33}},"type":"binary-expr","locations":[{"start":{"line":471,"column":12},"end":{"line":471,"column":27}},{"start":{"line":471,"column":31},"end":{"line":471,"column":33}}]},"10":{"loc":{"start":{"line":490,"column":4},"end":{"line":492,"column":5}},"type":"if","locations":[{"start":{"line":490,"column":4},"end":{"line":492,"column":5}}]},"11":{"loc":{"start":{"line":490,"column":8},"end":{"line":490,"column":41}},"type":"binary-expr","locations":[{"start":{"line":490,"column":8},"end":{"line":490,"column":13}},{"start":{"line":490,"column":17},"end":{"line":490,"column":41}}]},"12":{"loc":{"start":{"line":495,"column":4},"end":{"line":497,"column":5}},"type":"if","locations":[{"start":{"line":495,"column":4},"end":{"line":497,"column":5}}]},"13":{"loc":{"start":{"line":495,"column":8},"end":{"line":495,"column":62}},"type":"binary-expr","locations":[{"start":{"line":495,"column":8},"end":{"line":495,"column":32}},{"start":{"line":495,"column":36},"end":{"line":495,"column":62}}]},"14":{"loc":{"start":{"line":500,"column":21},"end":{"line":500,"column":79}},"type":"binary-expr","locations":[{"start":{"line":500,"column":21},"end":{"line":500,"column":73}},{"start":{"line":500,"column":77},"end":{"line":500,"column":79}}]},"15":{"loc":{"start":{"line":504,"column":4},"end":{"line":506,"column":5}},"type":"if","locations":[{"start":{"line":504,"column":4},"end":{"line":506,"column":5}}]},"16":{"loc":{"start":{"line":508,"column":4},"end":{"line":510,"column":5}},"type":"if","locations":[{"start":{"line":508,"column":4},"end":{"line":510,"column":5}}]},"17":{"loc":{"start":{"line":513,"column":4},"end":{"line":515,"column":5}},"type":"if","locations":[{"start":{"line":513,"column":4},"end":{"line":515,"column":5}}]},"18":{"loc":{"start":{"line":529,"column":8},"end":{"line":531,"column":9}},"type":"if","locations":[{"start":{"line":529,"column":8},"end":{"line":531,"column":9}}]},"19":{"loc":{"start":{"line":529,"column":12},"end":{"line":529,"column":48}},"type":"binary-expr","locations":[{"start":{"line":529,"column":12},"end":{"line":529,"column":29}},{"start":{"line":529,"column":33},"end":{"line":529,"column":48}}]},"20":{"loc":{"start":{"line":533,"column":8},"end":{"line":535,"column":9}},"type":"if","locations":[{"start":{"line":533,"column":8},"end":{"line":535,"column":9}}]},"21":{"loc":{"start":{"line":548,"column":4},"end":{"line":550,"column":5}},"type":"if","locations":[{"start":{"line":548,"column":4},"end":{"line":550,"column":5}}]},"22":{"loc":{"start":{"line":556,"column":4},"end":{"line":558,"column":5}},"type":"if","locations":[{"start":{"line":556,"column":4},"end":{"line":558,"column":5}}]},"23":{"loc":{"start":{"line":556,"column":8},"end":{"line":556,"column":53}},"type":"binary-expr","locations":[{"start":{"line":556,"column":8},"end":{"line":556,"column":38}},{"start":{"line":556,"column":42},"end":{"line":556,"column":53}}]},"24":{"loc":{"start":{"line":579,"column":4},"end":{"line":581,"column":5}},"type":"if","locations":[{"start":{"line":579,"column":4},"end":{"line":581,"column":5}}]},"25":{"loc":{"start":{"line":582,"column":4},"end":{"line":584,"column":5}},"type":"if","locations":[{"start":{"line":582,"column":4},"end":{"line":584,"column":5}}]},"26":{"loc":{"start":{"line":585,"column":4},"end":{"line":587,"column":5}},"type":"if","locations":[{"start":{"line":585,"column":4},"end":{"line":587,"column":5}}]},"27":{"loc":{"start":{"line":603,"column":8},"end":{"line":610,"column":9}},"type":"if","locations":[{"start":{"line":603,"column":8},"end":{"line":610,"column":9}},{"start":{"line":608,"column":15},"end":{"line":610,"column":9}}]},"28":{"loc":{"start":{"line":603,"column":12},"end":{"line":603,"column":60}},"type":"binary-expr","locations":[{"start":{"line":603,"column":12},"end":{"line":603,"column":35}},{"start":{"line":603,"column":39},"end":{"line":603,"column":60}}]},"29":{"loc":{"start":{"line":625,"column":4},"end":{"line":627,"column":5}},"type":"if","locations":[{"start":{"line":625,"column":4},"end":{"line":627,"column":5}}]},"30":{"loc":{"start":{"line":700,"column":16},"end":{"line":701,"column":67}},"type":"if","locations":[{"start":{"line":700,"column":16},"end":{"line":701,"column":67}},{"start":{"line":701,"column":21},"end":{"line":701,"column":67}}]},"31":{"loc":{"start":{"line":736,"column":8},"end":{"line":738,"column":9}},"type":"if","locations":[{"start":{"line":736,"column":8},"end":{"line":738,"column":9}}]}},"s":{"0":0,"1":0,"2":0,"3":0,"4":0,"5":0,"6":0,"7":0,"8":0,"9":0,"10":0,"11":0,"12":0,"13":0,"14":0,"15":0,"16":0,"17":0,"18":0,"19":0,"20":0,"21":0,"22":0,"23":0,"24":0,"25":0,"26":0,"27":0,"28":0,"29":0,"30":0,"31":0,"32":0,"33":0,"34":0,"35":0,"36":0,"37":0,"38":0,"39":0,"40":0,"41":0,"42":0,"43":0,"44":0,"45":0,"46":0,"47":0,"48":0,"49":0,"50":0,"51":0,"52":0,"53":0,"54":0,"55":0,"56":0,"57":0,"58":0,"59":0,"60":0,"61":0,"62":0,"63":0,"64":0,"65":0,"66":0,"67":0,"68":0,"69":0,"70":0,"71":0,"72":0,"73":0,"74":0,"75":0,"76":0,"77":0,"78":0,"79":0,"80":0,"81":0,"82":0,"83":0,"84":0,"85":0,"86":0,"87":0,"88":0,"89":0,"90":0,"91":0,"92":0,"93":0,"94":0,"95":0,"96":0,"97":0,"98":0,"99":0,"100":0,"101":0,"102":0,"103":0,"104":0,"105":0,"106":0,"107":0,"108":0,"109":0,"110":0,"111":0,"112":0,"113":0,"114":0,"115":0,"116":0,"117":0,"118":0,"119":0,"120":0,"121":0,"122":0,"123":0,"124":0,"125":0,"126":0,"127":0,"128":0,"129":0,"130":0,"131":0,"132":0,"133":0,"134":0,"135":0,"136":0,"137":0,"138":0,"139":0,"140":0,"141":0,"142":0,"143":0,"144":0,"145":0,"146":0,"147":0,"148":0,"149":0,"150":0,"151":0,"152":0,"153":0,"154":0,"155":0,"156":0,"157":0,"158":0,"159":0,"160":0,"161":0,"162":0,"163":0},"f":{"0":0,"1":0,"2":0,"3":0,"4":0,"5":0,"6":0,"7":0,"8":0,"9":0,"10":0,"11":0,"12":0,"13":0,"14":0,"15":0,"16":0,"17":0,"18":0,"19":0,"20":0,"21":0,"22":0,"23":0,"24":0,"25":0,"26":0,"27":0},"b":{"0":[0,0],"1":[0],"2":[0],"3":[0,0],"4":[0,0],"5":[0],"6":[0,0],"7":[0],"8":[0],"9":[0,0],"10":[0],"11":[0,0],"12":[0],"13":[0,0],"14":[0,0],"15":[0],"16":[0],"17":[0],"18":[0],"19":[0,0],"20":[0],"21":[0],"22":[0],"23":[0,0],"24":[0],"25":[0],"26":[0],"27":[0,0],"28":[0,0],"29":[0],"30":[0,0],"31":[0]}}
,"/Users/sojikoeie/Desktop/Generative_Quiz_Application/server/users/usercontrollers.ts": {"path":"/Users/sojikoeie/Desktop/Generative_Quiz_Application/server/users/usercontrollers.ts","statementMap":{"0":{"start":{"line":19,"column":4},"end":{"line":58,"column":5}},"1":{"start":{"line":20,"column":39},"end":{"line":20,"column":47}},"2":{"start":{"line":23,"column":30},"end":{"line":23,"column":97}},"3":{"start":{"line":26,"column":31},"end":{"line":26,"column":74}},"4":{"start":{"line":29,"column":23},"end":{"line":29,"column":39}},"5":{"start":{"line":32,"column":24},"end":{"line":32,"column":107}},"6":{"start":{"line":35,"column":23},"end":{"line":35,"column":44}},"7":{"start":{"line":37,"column":23},"end":{"line":37,"column":62}},"8":{"start":{"line":38,"column":8},"end":{"line":38,"column":66}},"9":{"start":{"line":39,"column":8},"end":{"line":39,"column":34}},"10":{"start":{"line":40,"column":8},"end":{"line":40,"column":15}},"11":{"start":{"line":42,"column":8},"end":{"line":57,"column":9}},"12":{"start":{"line":43,"column":12},"end":{"line":43,"column":null}},"13":{"start":{"line":44,"column":12},"end":{"line":50,"column":15}},"14":{"start":{"line":46,"column":52},"end":{"line":49,"column":18}},"15":{"start":{"line":51,"column":12},"end":{"line":51,"column":19}},"16":{"start":{"line":53,"column":33},"end":{"line":53,"column":81}},"17":{"start":{"line":54,"column":12},"end":{"line":54,"column":50}},"18":{"start":{"line":55,"column":12},"end":{"line":55,"column":55}},"19":{"start":{"line":56,"column":12},"end":{"line":56,"column":19}},"20":{"start":{"line":63,"column":4},"end":{"line":100,"column":5}},"21":{"start":{"line":64,"column":39},"end":{"line":64,"column":47}},"22":{"start":{"line":67,"column":30},"end":{"line":67,"column":94}},"23":{"start":{"line":70,"column":31},"end":{"line":70,"column":74}},"24":{"start":{"line":73,"column":24},"end":{"line":73,"column":110}},"25":{"start":{"line":76,"column":23},"end":{"line":76,"column":44}},"26":{"start":{"line":79,"column":28},"end":{"line":79,"column":60}},"27":{"start":{"line":80,"column":8},"end":{"line":82,"column":101}},"28":{"start":{"line":83,"column":8},"end":{"line":83,"column":38}},"29":{"start":{"line":84,"column":8},"end":{"line":84,"column":15}},"30":{"start":{"line":86,"column":8},"end":{"line":99,"column":9}},"31":{"start":{"line":87,"column":12},"end":{"line":87,"column":null}},"32":{"start":{"line":88,"column":12},"end":{"line":94,"column":15}},"33":{"start":{"line":90,"column":52},"end":{"line":93,"column":18}},"34":{"start":{"line":96,"column":33},"end":{"line":96,"column":78}},"35":{"start":{"line":97,"column":12},"end":{"line":97,"column":50}},"36":{"start":{"line":98,"column":12},"end":{"line":98,"column":55}}},"fnMap":{"0":{"name":"userRegisterController","decl":{"start":{"line":18,"column":22},"end":{"line":18,"column":44}},"loc":{"start":{"line":18,"column":72},"end":{"line":59,"column":1}}},"1":{"name":"(anonymous_1)","decl":{"start":{"line":46,"column":42},"end":{"line":46,"column":47}},"loc":{"start":{"line":46,"column":52},"end":{"line":49,"column":18}}},"2":{"name":"userLoginController","decl":{"start":{"line":62,"column":22},"end":{"line":62,"column":41}},"loc":{"start":{"line":62,"column":69},"end":{"line":101,"column":1}}},"3":{"name":"(anonymous_3)","decl":{"start":{"line":90,"column":42},"end":{"line":90,"column":47}},"loc":{"start":{"line":90,"column":52},"end":{"line":93,"column":18}}}},"branchMap":{"0":{"loc":{"start":{"line":42,"column":8},"end":{"line":57,"column":9}},"type":"if","locations":[{"start":{"line":42,"column":8},"end":{"line":57,"column":9}},{"start":{"line":52,"column":15},"end":{"line":57,"column":9}}]},"1":{"loc":{"start":{"line":80,"column":8},"end":{"line":82,"column":100}},"type":"cond-expr","locations":[{"start":{"line":81,"column":12},"end":{"line":81,"column":100}},{"start":{"line":82,"column":14},"end":{"line":82,"column":100}}]},"2":{"loc":{"start":{"line":86,"column":8},"end":{"line":99,"column":9}},"type":"if","locations":[{"start":{"line":86,"column":8},"end":{"line":99,"column":9}},{"start":{"line":95,"column":15},"end":{"line":99,"column":9}}]}},"s":{"0":0,"1":0,"2":0,"3":0,"4":0,"5":0,"6":0,"7":0,"8":0,"9":0,"10":0,"11":0,"12":0,"13":0,"14":0,"15":0,"16":0,"17":0,"18":0,"19":0,"20":0,"21":0,"22":0,"23":0,"24":0,"25":0,"26":0,"27":0,"28":0,"29":0,"30":0,"31":0,"32":0,"33":0,"34":0,"35":0,"36":0},"f":{"0":0,"1":0,"2":0,"3":0},"b":{"0":[0,0],"1":[0,0],"2":[0,0]}}
,"/Users/sojikoeie/Desktop/Generative_Quiz_Application/server/users/usermodels.ts": {"path":"/Users/sojikoeie/Desktop/Generative_Quiz_Application/server/users/usermodels.ts","statementMap":{"0":{"start":{"line":12,"column":0},"end":{"line":12,"column":9}},"1":{"start":{"line":15,"column":13},"end":{"line":21,"column":2}},"2":{"start":{"line":25,"column":4},"end":{"line":30,"column":5}},"3":{"start":{"line":26,"column":8},"end":{"line":26,"column":36}},"4":{"start":{"line":28,"column":8},"end":{"line":28,"column":49}},"5":{"start":{"line":29,"column":8},"end":{"line":29,"column":63}},"6":{"start":{"line":35,"column":4},"end":{"line":45,"column":5}},"7":{"start":{"line":36,"column":23},"end":{"line":36,"column":37}},"8":{"start":{"line":37,"column":25},"end":{"line":37,"column":41}},"9":{"start":{"line":38,"column":31},"end":{"line":38,"column":53}},"10":{"start":{"line":39,"column":20},"end":{"line":39,"column":97}},"11":{"start":{"line":40,"column":23},"end":{"line":40,"column":57}},"12":{"start":{"line":41,"column":8},"end":{"line":41,"column":47}},"13":{"start":{"line":43,"column":8},"end":{"line":43,"column":48}},"14":{"start":{"line":44,"column":8},"end":{"line":44,"column":69}},"15":{"start":{"line":50,"column":4},"end":{"line":59,"column":5}},"16":{"start":{"line":51,"column":25},"end":{"line":51,"column":41}},"17":{"start":{"line":52,"column":31},"end":{"line":52,"column":53}},"18":{"start":{"line":53,"column":19},"end":{"line":53,"column":92}},"19":{"start":{"line":54,"column":23},"end":{"line":54,"column":49}},"20":{"start":{"line":55,"column":8},"end":{"line":55,"column":47}},"21":{"start":{"line":57,"column":8},"end":{"line":57,"column":48}},"22":{"start":{"line":58,"column":8},"end":{"line":58,"column":69}},"23":{"start":{"line":64,"column":4},"end":{"line":69,"column":5}},"24":{"start":{"line":65,"column":8},"end":{"line":65,"column":25}},"25":{"start":{"line":67,"column":8},"end":{"line":67,"column":49}},"26":{"start":{"line":68,"column":8},"end":{"line":68,"column":63}},"27":{"start":{"line":74,"column":4},"end":{"line":79,"column":5}},"28":{"start":{"line":75,"column":8},"end":{"line":75,"column":32}},"29":{"start":{"line":77,"column":8},"end":{"line":77,"column":49}},"30":{"start":{"line":78,"column":8},"end":{"line":78,"column":65}}},"fnMap":{"0":{"name":"userDBGetConnect","decl":{"start":{"line":24,"column":22},"end":{"line":24,"column":38}},"loc":{"start":{"line":24,"column":38},"end":{"line":31,"column":1}}},"1":{"name":"userDBNewDataRecord","decl":{"start":{"line":34,"column":22},"end":{"line":34,"column":41}},"loc":{"start":{"line":34,"column":78},"end":{"line":46,"column":1}}},"2":{"name":"userDBLoginDataExtract","decl":{"start":{"line":49,"column":22},"end":{"line":49,"column":44}},"loc":{"start":{"line":49,"column":81},"end":{"line":60,"column":1}}},"3":{"name":"userDBRelease","decl":{"start":{"line":63,"column":22},"end":{"line":63,"column":35}},"loc":{"start":{"line":63,"column":54},"end":{"line":70,"column":1}}},"4":{"name":"userDBDisconnect","decl":{"start":{"line":73,"column":22},"end":{"line":73,"column":38}},"loc":{"start":{"line":73,"column":38},"end":{"line":80,"column":1}}}},"branchMap":{},"s":{"0":0,"1":0,"2":0,"3":0,"4":0,"5":0,"6":0,"7":0,"8":0,"9":0,"10":0,"11":0,"12":0,"13":0,"14":0,"15":0,"16":0,"17":0,"18":0,"19":0,"20":0,"21":0,"22":0,"23":0,"24":0,"25":0,"26":0,"27":0,"28":0,"29":0,"30":0},"f":{"0":0,"1":0,"2":0,"3":0,"4":0},"b":{}}
,"/Users/sojikoeie/Desktop/Generative_Quiz_Application/server/users/userroutes.ts": {"path":"/Users/sojikoeie/Desktop/Generative_Quiz_Application/server/users/userroutes.ts","statementMap":{"0":{"start":{"line":5,"column":20},"end":{"line":5,"column":36}},"1":{"start":{"line":8,"column":0},"end":{"line":8,"column":54}},"2":{"start":{"line":11,"column":0},"end":{"line":11,"column":48}}},"fnMap":{},"branchMap":{},"s":{"0":0,"1":0,"2":0},"f":{},"b":{}}
,"/Users/sojikoeie/Desktop/Generative_Quiz_Application/server/users/userservice.ts": {"path":"/Users/sojikoeie/Desktop/Generative_Quiz_Application/server/users/userservice.ts","statementMap":{"0":{"start":{"line":17,"column":19},"end":{"line":17,"column":31}},"1":{"start":{"line":18,"column":4},"end":{"line":18,"column":null}},"2":{"start":{"line":23,"column":4},"end":{"line":28,"column":5}},"3":{"start":{"line":24,"column":31},"end":{"line":24,"column":89}},"4":{"start":{"line":25,"column":8},"end":{"line":25,"column":null}},"5":{"start":{"line":27,"column":8},"end":{"line":27,"column":80}},"6":{"start":{"line":33,"column":4},"end":{"line":33,"column":null}},"7":{"start":{"line":39,"column":19},"end":{"line":39,"column":33}},"8":{"start":{"line":40,"column":21},"end":{"line":40,"column":37}},"9":{"start":{"line":41,"column":27},"end":{"line":41,"column":49}},"10":{"start":{"line":42,"column":4},"end":{"line":53,"column":5}},"11":{"start":{"line":43,"column":8},"end":{"line":48,"column":9}},"12":{"start":{"line":44,"column":12},"end":{"line":44,"column":55}},"13":{"start":{"line":45,"column":12},"end":{"line":45,"column":null}},"14":{"start":{"line":47,"column":12},"end":{"line":47,"column":106}},"15":{"start":{"line":50,"column":8},"end":{"line":50,"column":20}},"16":{"start":{"line":52,"column":8},"end":{"line":52,"column":36}},"17":{"start":{"line":58,"column":21},"end":{"line":58,"column":37}},"18":{"start":{"line":59,"column":27},"end":{"line":59,"column":49}},"19":{"start":{"line":60,"column":4},"end":{"line":71,"column":5}},"20":{"start":{"line":61,"column":8},"end":{"line":66,"column":9}},"21":{"start":{"line":62,"column":27},"end":{"line":62,"column":72}},"22":{"start":{"line":63,"column":12},"end":{"line":63,"column":59}},"23":{"start":{"line":65,"column":12},"end":{"line":65,"column":99}},"24":{"start":{"line":68,"column":8},"end":{"line":68,"column":null}},"25":{"start":{"line":70,"column":8},"end":{"line":70,"column":36}}},"fnMap":{"0":{"name":"userIdGenerate","decl":{"start":{"line":16,"column":16},"end":{"line":16,"column":30}},"loc":{"start":{"line":16,"column":30},"end":{"line":19,"column":1}}},"1":{"name":"userPasswordEncrypt","decl":{"start":{"line":22,"column":16},"end":{"line":22,"column":35}},"loc":{"start":{"line":22,"column":52},"end":{"line":29,"column":1}}},"2":{"name":"userDBConnect","decl":{"start":{"line":32,"column":22},"end":{"line":32,"column":35}},"loc":{"start":{"line":32,"column":35},"end":{"line":34,"column":1}}},"3":{"name":"userDataRegister","decl":{"start":{"line":38,"column":22},"end":{"line":38,"column":38}},"loc":{"start":{"line":38,"column":75},"end":{"line":54,"column":1}}},"4":{"name":"userLogin","decl":{"start":{"line":57,"column":22},"end":{"line":57,"column":31}},"loc":{"start":{"line":57,"column":68},"end":{"line":72,"column":1}}}},"branchMap":{"0":{"loc":{"start":{"line":23,"column":4},"end":{"line":28,"column":5}},"type":"if","locations":[{"start":{"line":23,"column":4},"end":{"line":28,"column":5}},{"start":{"line":26,"column":11},"end":{"line":28,"column":5}}]},"1":{"loc":{"start":{"line":43,"column":8},"end":{"line":48,"column":9}},"type":"if","locations":[{"start":{"line":43,"column":8},"end":{"line":48,"column":9}},{"start":{"line":46,"column":15},"end":{"line":48,"column":9}}]},"2":{"loc":{"start":{"line":43,"column":11},"end":{"line":43,"column":107}},"type":"binary-expr","locations":[{"start":{"line":43,"column":11},"end":{"line":43,"column":37}},{"start":{"line":43,"column":41},"end":{"line":43,"column":69}},{"start":{"line":43,"column":73},"end":{"line":43,"column":107}}]},"3":{"loc":{"start":{"line":61,"column":8},"end":{"line":66,"column":9}},"type":"if","locations":[{"start":{"line":61,"column":8},"end":{"line":66,"column":9}},{"start":{"line":64,"column":15},"end":{"line":66,"column":9}}]},"4":{"loc":{"start":{"line":61,"column":11},"end":{"line":61,"column":77}},"type":"binary-expr","locations":[{"start":{"line":61,"column":11},"end":{"line":61,"column":39}},{"start":{"line":61,"column":43},"end":{"line":61,"column":77}}]},"5":{"loc":{"start":{"line":63,"column":19},"end":{"line":63,"column":58}},"type":"cond-expr","locations":[{"start":{"line":63,"column":46},"end":{"line":63,"column":50}},{"start":{"line":63,"column":53},"end":{"line":63,"column":58}}]}},"s":{"0":0,"1":0,"2":0,"3":0,"4":0,"5":0,"6":0,"7":0,"8":0,"9":0,"10":0,"11":0,"12":0,"13":0,"14":0,"15":0,"16":0,"17":0,"18":0,"19":0,"20":0,"21":0,"22":0,"23":0,"24":0,"25":0},"f":{"0":0,"1":0,"2":0,"3":0,"4":0},"b":{"0":[0,0],"1":[0,0],"2":[0,0,0],"3":[0,0],"4":[0,0],"5":[0,0]}}
}
