{"/Users/sojikoeie/Desktop/Generative_Quiz_Application/server/listening-quiz-transactions/lquiz.json.ts": {"path":"/Users/sojikoeie/Desktop/Generative_Quiz_Application/server/listening-quiz-transactions/lquiz.json.ts","all":false,"statementMap":{"0":{"start":{"line":1,"column":0},"end":{"line":1,"column":49}},"2":{"start":{"line":3,"column":0},"end":{"line":3,"column":28}},"3":{"start":{"line":4,"column":0},"end":{"line":4,"column":36}},"4":{"start":{"line":5,"column":0},"end":{"line":5,"column":27}},"5":{"start":{"line":6,"column":0},"end":{"line":6,"column":19}},"6":{"start":{"line":7,"column":0},"end":{"line":7,"column":6}},"9":{"start":{"line":10,"column":0},"end":{"line":10,"column":24}},"10":{"start":{"line":11,"column":0},"end":{"line":11,"column":34}},"11":{"start":{"line":12,"column":0},"end":{"line":12,"column":33}},"12":{"start":{"line":13,"column":0},"end":{"line":13,"column":19}},"13":{"start":{"line":14,"column":0},"end":{"line":14,"column":6}},"16":{"start":{"line":17,"column":0},"end":{"line":17,"column":23}},"17":{"start":{"line":18,"column":0},"end":{"line":18,"column":34}},"18":{"start":{"line":19,"column":0},"end":{"line":19,"column":26}},"19":{"start":{"line":20,"column":0},"end":{"line":20,"column":19}},"20":{"start":{"line":21,"column":0},"end":{"line":21,"column":6}},"22":{"start":{"line":23,"column":0},"end":{"line":23,"column":26}},"23":{"start":{"line":24,"column":0},"end":{"line":24,"column":36}},"24":{"start":{"line":25,"column":0},"end":{"line":25,"column":30}},"25":{"start":{"line":26,"column":0},"end":{"line":26,"column":19}},"26":{"start":{"line":27,"column":0},"end":{"line":27,"column":6}},"28":{"start":{"line":29,"column":0},"end":{"line":29,"column":24}},"29":{"start":{"line":30,"column":0},"end":{"line":30,"column":34}},"30":{"start":{"line":31,"column":0},"end":{"line":31,"column":28}},"31":{"start":{"line":32,"column":0},"end":{"line":32,"column":19}},"32":{"start":{"line":33,"column":0},"end":{"line":33,"column":6}},"34":{"start":{"line":35,"column":0},"end":{"line":35,"column":26}},"35":{"start":{"line":36,"column":0},"end":{"line":36,"column":37}},"36":{"start":{"line":37,"column":0},"end":{"line":37,"column":28}},"37":{"start":{"line":38,"column":0},"end":{"line":38,"column":19}},"38":{"start":{"line":39,"column":0},"end":{"line":39,"column":6}},"40":{"start":{"line":41,"column":0},"end":{"line":41,"column":28}},"41":{"start":{"line":42,"column":0},"end":{"line":42,"column":38}},"42":{"start":{"line":43,"column":0},"end":{"line":43,"column":27}},"43":{"start":{"line":44,"column":0},"end":{"line":44,"column":19}},"44":{"start":{"line":45,"column":0},"end":{"line":45,"column":5}},"45":{"start":{"line":46,"column":0},"end":{"line":46,"column":2}},"47":{"start":{"line":48,"column":0},"end":{"line":48,"column":47}},"49":{"start":{"line":50,"column":0},"end":{"line":50,"column":26}},"50":{"start":{"line":51,"column":0},"end":{"line":51,"column":36}},"51":{"start":{"line":52,"column":0},"end":{"line":52,"column":27}},"52":{"start":{"line":53,"column":0},"end":{"line":53,"column":19}},"53":{"start":{"line":54,"column":0},"end":{"line":54,"column":6}},"56":{"start":{"line":57,"column":0},"end":{"line":57,"column":23}},"57":{"start":{"line":58,"column":0},"end":{"line":58,"column":34}},"58":{"start":{"line":59,"column":0},"end":{"line":59,"column":26}},"59":{"start":{"line":60,"column":0},"end":{"line":60,"column":19}},"60":{"start":{"line":61,"column":0},"end":{"line":61,"column":6}},"62":{"start":{"line":63,"column":0},"end":{"line":63,"column":26}},"63":{"start":{"line":64,"column":0},"end":{"line":64,"column":36}},"64":{"start":{"line":65,"column":0},"end":{"line":65,"column":30}},"65":{"start":{"line":66,"column":0},"end":{"line":66,"column":19}},"66":{"start":{"line":67,"column":0},"end":{"line":67,"column":6}},"68":{"start":{"line":69,"column":0},"end":{"line":69,"column":28}},"69":{"start":{"line":70,"column":0},"end":{"line":70,"column":38}},"70":{"start":{"line":71,"column":0},"end":{"line":71,"column":27}},"71":{"start":{"line":72,"column":0},"end":{"line":72,"column":19}},"72":{"start":{"line":73,"column":0},"end":{"line":73,"column":6}},"74":{"start":{"line":75,"column":0},"end":{"line":75,"column":24}},"75":{"start":{"line":76,"column":0},"end":{"line":76,"column":34}},"76":{"start":{"line":77,"column":0},"end":{"line":77,"column":28}},"77":{"start":{"line":78,"column":0},"end":{"line":78,"column":19}},"78":{"start":{"line":79,"column":0},"end":{"line":79,"column":6}},"80":{"start":{"line":81,"column":0},"end":{"line":81,"column":26}},"81":{"start":{"line":82,"column":0},"end":{"line":82,"column":37}},"82":{"start":{"line":83,"column":0},"end":{"line":83,"column":28}},"83":{"start":{"line":84,"column":0},"end":{"line":84,"column":19}},"84":{"start":{"line":85,"column":0},"end":{"line":85,"column":6}},"86":{"start":{"line":87,"column":0},"end":{"line":87,"column":28}},"87":{"start":{"line":88,"column":0},"end":{"line":88,"column":38}},"88":{"start":{"line":89,"column":0},"end":{"line":89,"column":27}},"89":{"start":{"line":90,"column":0},"end":{"line":90,"column":19}},"90":{"start":{"line":91,"column":0},"end":{"line":91,"column":5}},"91":{"start":{"line":92,"column":0},"end":{"line":92,"column":2}},"93":{"start":{"line":94,"column":0},"end":{"line":94,"column":42}},"95":{"start":{"line":96,"column":0},"end":{"line":96,"column":30}},"96":{"start":{"line":97,"column":0},"end":{"line":97,"column":40}},"97":{"start":{"line":98,"column":0},"end":{"line":98,"column":27}},"98":{"start":{"line":99,"column":0},"end":{"line":99,"column":19}},"99":{"start":{"line":100,"column":0},"end":{"line":100,"column":6}},"101":{"start":{"line":102,"column":0},"end":{"line":102,"column":31}},"102":{"start":{"line":103,"column":0},"end":{"line":103,"column":41}},"103":{"start":{"line":104,"column":0},"end":{"line":104,"column":26}},"104":{"start":{"line":105,"column":0},"end":{"line":105,"column":19}},"105":{"start":{"line":106,"column":0},"end":{"line":106,"column":6}},"108":{"start":{"line":109,"column":0},"end":{"line":109,"column":24}},"109":{"start":{"line":110,"column":0},"end":{"line":110,"column":34}},"110":{"start":{"line":111,"column":0},"end":{"line":111,"column":33}},"111":{"start":{"line":112,"column":0},"end":{"line":112,"column":19}},"112":{"start":{"line":113,"column":0},"end":{"line":113,"column":6}},"114":{"start":{"line":115,"column":0},"end":{"line":115,"column":40}},"115":{"start":{"line":116,"column":0},"end":{"line":116,"column":50}},"116":{"start":{"line":117,"column":0},"end":{"line":117,"column":36}},"117":{"start":{"line":118,"column":0},"end":{"line":118,"column":19}},"118":{"start":{"line":119,"column":0},"end":{"line":119,"column":6}},"121":{"start":{"line":122,"column":0},"end":{"line":122,"column":27}},"122":{"start":{"line":123,"column":0},"end":{"line":123,"column":37}},"123":{"start":{"line":124,"column":0},"end":{"line":124,"column":42}},"124":{"start":{"line":125,"column":0},"end":{"line":125,"column":19}},"125":{"start":{"line":126,"column":0},"end":{"line":126,"column":6}},"127":{"start":{"line":128,"column":0},"end":{"line":128,"column":24}},"128":{"start":{"line":129,"column":0},"end":{"line":129,"column":34}},"129":{"start":{"line":130,"column":0},"end":{"line":130,"column":35}},"130":{"start":{"line":131,"column":0},"end":{"line":131,"column":19}},"131":{"start":{"line":132,"column":0},"end":{"line":132,"column":6}},"134":{"start":{"line":135,"column":0},"end":{"line":135,"column":28}},"135":{"start":{"line":136,"column":0},"end":{"line":136,"column":38}},"136":{"start":{"line":137,"column":0},"end":{"line":137,"column":27}},"137":{"start":{"line":138,"column":0},"end":{"line":138,"column":19}},"138":{"start":{"line":139,"column":0},"end":{"line":139,"column":6}},"140":{"start":{"line":141,"column":0},"end":{"line":141,"column":28}},"141":{"start":{"line":142,"column":0},"end":{"line":142,"column":38}},"142":{"start":{"line":143,"column":0},"end":{"line":143,"column":27}},"143":{"start":{"line":144,"column":0},"end":{"line":144,"column":19}},"144":{"start":{"line":145,"column":0},"end":{"line":145,"column":6}},"147":{"start":{"line":148,"column":0},"end":{"line":148,"column":29}},"148":{"start":{"line":149,"column":0},"end":{"line":149,"column":39}},"149":{"start":{"line":150,"column":0},"end":{"line":150,"column":25}},"150":{"start":{"line":151,"column":0},"end":{"line":151,"column":19}},"151":{"start":{"line":152,"column":0},"end":{"line":152,"column":6}},"153":{"start":{"line":154,"column":0},"end":{"line":154,"column":24}},"154":{"start":{"line":155,"column":0},"end":{"line":155,"column":34}},"155":{"start":{"line":156,"column":0},"end":{"line":156,"column":25}},"156":{"start":{"line":157,"column":0},"end":{"line":157,"column":19}},"157":{"start":{"line":158,"column":0},"end":{"line":158,"column":6}},"159":{"start":{"line":160,"column":0},"end":{"line":160,"column":27}},"160":{"start":{"line":161,"column":0},"end":{"line":161,"column":37}},"161":{"start":{"line":162,"column":0},"end":{"line":162,"column":31}},"162":{"start":{"line":163,"column":0},"end":{"line":163,"column":19}},"163":{"start":{"line":164,"column":0},"end":{"line":164,"column":6}},"166":{"start":{"line":167,"column":0},"end":{"line":167,"column":19}},"167":{"start":{"line":168,"column":0},"end":{"line":168,"column":29}},"168":{"start":{"line":169,"column":0},"end":{"line":169,"column":29}},"169":{"start":{"line":170,"column":0},"end":{"line":170,"column":19}},"170":{"start":{"line":171,"column":0},"end":{"line":171,"column":6}},"172":{"start":{"line":173,"column":0},"end":{"line":173,"column":29}},"173":{"start":{"line":174,"column":0},"end":{"line":174,"column":39}},"174":{"start":{"line":175,"column":0},"end":{"line":175,"column":32}},"175":{"start":{"line":176,"column":0},"end":{"line":176,"column":19}},"176":{"start":{"line":177,"column":0},"end":{"line":177,"column":6}},"179":{"start":{"line":180,"column":0},"end":{"line":180,"column":27}},"180":{"start":{"line":181,"column":0},"end":{"line":181,"column":37}},"181":{"start":{"line":182,"column":0},"end":{"line":182,"column":27}},"182":{"start":{"line":183,"column":0},"end":{"line":183,"column":19}},"183":{"start":{"line":184,"column":0},"end":{"line":184,"column":6}},"185":{"start":{"line":186,"column":0},"end":{"line":186,"column":23}},"186":{"start":{"line":187,"column":0},"end":{"line":187,"column":33}},"187":{"start":{"line":188,"column":0},"end":{"line":188,"column":29}},"188":{"start":{"line":189,"column":0},"end":{"line":189,"column":19}},"189":{"start":{"line":190,"column":0},"end":{"line":190,"column":6}},"191":{"start":{"line":192,"column":0},"end":{"line":192,"column":22}},"192":{"start":{"line":193,"column":0},"end":{"line":193,"column":32}},"193":{"start":{"line":194,"column":0},"end":{"line":194,"column":29}},"194":{"start":{"line":195,"column":0},"end":{"line":195,"column":19}},"195":{"start":{"line":196,"column":0},"end":{"line":196,"column":6}},"197":{"start":{"line":198,"column":0},"end":{"line":198,"column":31}},"198":{"start":{"line":199,"column":0},"end":{"line":199,"column":41}},"199":{"start":{"line":200,"column":0},"end":{"line":200,"column":29}},"200":{"start":{"line":201,"column":0},"end":{"line":201,"column":19}},"201":{"start":{"line":202,"column":0},"end":{"line":202,"column":6}},"204":{"start":{"line":205,"column":0},"end":{"line":205,"column":31}},"205":{"start":{"line":206,"column":0},"end":{"line":206,"column":41}},"206":{"start":{"line":207,"column":0},"end":{"line":207,"column":27}},"207":{"start":{"line":208,"column":0},"end":{"line":208,"column":19}},"208":{"start":{"line":209,"column":0},"end":{"line":209,"column":6}},"210":{"start":{"line":211,"column":0},"end":{"line":211,"column":20}},"211":{"start":{"line":212,"column":0},"end":{"line":212,"column":30}},"212":{"start":{"line":213,"column":0},"end":{"line":213,"column":28}},"213":{"start":{"line":214,"column":0},"end":{"line":214,"column":19}},"214":{"start":{"line":215,"column":0},"end":{"line":215,"column":6}},"217":{"start":{"line":218,"column":0},"end":{"line":218,"column":23}},"218":{"start":{"line":219,"column":0},"end":{"line":219,"column":33}},"219":{"start":{"line":220,"column":0},"end":{"line":220,"column":26}},"220":{"start":{"line":221,"column":0},"end":{"line":221,"column":19}},"221":{"start":{"line":222,"column":0},"end":{"line":222,"column":6}},"223":{"start":{"line":224,"column":0},"end":{"line":224,"column":30}},"224":{"start":{"line":225,"column":0},"end":{"line":225,"column":40}},"225":{"start":{"line":226,"column":0},"end":{"line":226,"column":28}},"226":{"start":{"line":227,"column":0},"end":{"line":227,"column":19}},"227":{"start":{"line":228,"column":0},"end":{"line":228,"column":6}},"229":{"start":{"line":230,"column":0},"end":{"line":230,"column":27}},"230":{"start":{"line":231,"column":0},"end":{"line":231,"column":37}},"231":{"start":{"line":232,"column":0},"end":{"line":232,"column":26}},"232":{"start":{"line":233,"column":0},"end":{"line":233,"column":19}},"233":{"start":{"line":234,"column":0},"end":{"line":234,"column":6}},"236":{"start":{"line":237,"column":0},"end":{"line":237,"column":24}},"237":{"start":{"line":238,"column":0},"end":{"line":238,"column":34}},"238":{"start":{"line":239,"column":0},"end":{"line":239,"column":31}},"239":{"start":{"line":240,"column":0},"end":{"line":240,"column":19}},"240":{"start":{"line":241,"column":0},"end":{"line":241,"column":6}},"242":{"start":{"line":243,"column":0},"end":{"line":243,"column":31}},"243":{"start":{"line":244,"column":0},"end":{"line":244,"column":41}},"244":{"start":{"line":245,"column":0},"end":{"line":245,"column":28}},"245":{"start":{"line":246,"column":0},"end":{"line":246,"column":19}},"246":{"start":{"line":247,"column":0},"end":{"line":247,"column":6}},"249":{"start":{"line":250,"column":0},"end":{"line":250,"column":28}},"250":{"start":{"line":251,"column":0},"end":{"line":251,"column":38}},"251":{"start":{"line":252,"column":0},"end":{"line":252,"column":27}},"252":{"start":{"line":253,"column":0},"end":{"line":253,"column":19}},"253":{"start":{"line":254,"column":0},"end":{"line":254,"column":6}},"255":{"start":{"line":256,"column":0},"end":{"line":256,"column":23}},"256":{"start":{"line":257,"column":0},"end":{"line":257,"column":33}},"257":{"start":{"line":258,"column":0},"end":{"line":258,"column":26}},"258":{"start":{"line":259,"column":0},"end":{"line":259,"column":19}},"259":{"start":{"line":260,"column":0},"end":{"line":260,"column":5}},"260":{"start":{"line":261,"column":0},"end":{"line":261,"column":2}}},"s":{"0":1,"2":1,"3":1,"4":1,"5":1,"6":1,"9":1,"10":1,"11":1,"12":1,"13":1,"16":1,"17":1,"18":1,"19":1,"20":1,"22":1,"23":1,"24":1,"25":1,"26":1,"28":1,"29":1,"30":1,"31":1,"32":1,"34":1,"35":1,"36":1,"37":1,"38":1,"40":1,"41":1,"42":1,"43":1,"44":1,"45":1,"47":1,"49":1,"50":1,"51":1,"52":1,"53":1,"56":1,"57":1,"58":1,"59":1,"60":1,"62":1,"63":1,"64":1,"65":1,"66":1,"68":1,"69":1,"70":1,"71":1,"72":1,"74":1,"75":1,"76":1,"77":1,"78":1,"80":1,"81":1,"82":1,"83":1,"84":1,"86":1,"87":1,"88":1,"89":1,"90":1,"91":1,"93":1,"95":1,"96":1,"97":1,"98":1,"99":1,"101":1,"102":1,"103":1,"104":1,"105":1,"108":1,"109":1,"110":1,"111":1,"112":1,"114":1,"115":1,"116":1,"117":1,"118":1,"121":1,"122":1,"123":1,"124":1,"125":1,"127":1,"128":1,"129":1,"130":1,"131":1,"134":1,"135":1,"136":1,"137":1,"138":1,"140":1,"141":1,"142":1,"143":1,"144":1,"147":1,"148":1,"149":1,"150":1,"151":1,"153":1,"154":1,"155":1,"156":1,"157":1,"159":1,"160":1,"161":1,"162":1,"163":1,"166":1,"167":1,"168":1,"169":1,"170":1,"172":1,"173":1,"174":1,"175":1,"176":1,"179":1,"180":1,"181":1,"182":1,"183":1,"185":1,"186":1,"187":1,"188":1,"189":1,"191":1,"192":1,"193":1,"194":1,"195":1,"197":1,"198":1,"199":1,"200":1,"201":1,"204":1,"205":1,"206":1,"207":1,"208":1,"210":1,"211":1,"212":1,"213":1,"214":1,"217":1,"218":1,"219":1,"220":1,"221":1,"223":1,"224":1,"225":1,"226":1,"227":1,"229":1,"230":1,"231":1,"232":1,"233":1,"236":1,"237":1,"238":1,"239":1,"240":1,"242":1,"243":1,"244":1,"245":1,"246":1,"249":1,"250":1,"251":1,"252":1,"253":1,"255":1,"256":1,"257":1,"258":1,"259":1,"260":1},"branchMap":{},"b":{},"fnMap":{},"f":{}}
,"/Users/sojikoeie/Desktop/Generative_Quiz_Application/server/listening-quiz-transactions/errors/lquiz.apierrors.ts": {"path":"/Users/sojikoeie/Desktop/Generative_Quiz_Application/server/listening-quiz-transactions/errors/lquiz.apierrors.ts","all":false,"statementMap":{"9":{"start":{"line":10,"column":0},"end":{"line":10,"column":45}},"16":{"start":{"line":17,"column":0},"end":{"line":17,"column":74}},"17":{"start":{"line":18,"column":0},"end":{"line":18,"column":16}},"18":{"start":{"line":19,"column":0},"end":{"line":19,"column":46}},"19":{"start":{"line":20,"column":0},"end":{"line":20,"column":91}},"20":{"start":{"line":21,"column":0},"end":{"line":21,"column":7}},"21":{"start":{"line":22,"column":0},"end":{"line":22,"column":23}},"22":{"start":{"line":23,"column":0},"end":{"line":23,"column":38}},"23":{"start":{"line":24,"column":0},"end":{"line":24,"column":29}},"24":{"start":{"line":25,"column":0},"end":{"line":25,"column":5}},"25":{"start":{"line":26,"column":0},"end":{"line":26,"column":1}},"28":{"start":{"line":29,"column":0},"end":{"line":29,"column":76}},"29":{"start":{"line":30,"column":0},"end":{"line":30,"column":16}},"30":{"start":{"line":31,"column":0},"end":{"line":31,"column":55}},"31":{"start":{"line":32,"column":0},"end":{"line":32,"column":102}},"32":{"start":{"line":33,"column":0},"end":{"line":33,"column":7}},"33":{"start":{"line":34,"column":0},"end":{"line":34,"column":23}},"34":{"start":{"line":35,"column":0},"end":{"line":35,"column":40}},"35":{"start":{"line":36,"column":0},"end":{"line":36,"column":29}},"36":{"start":{"line":37,"column":0},"end":{"line":37,"column":5}},"37":{"start":{"line":38,"column":0},"end":{"line":38,"column":1}},"40":{"start":{"line":41,"column":0},"end":{"line":41,"column":78}},"41":{"start":{"line":42,"column":0},"end":{"line":42,"column":16}},"42":{"start":{"line":43,"column":0},"end":{"line":43,"column":38}},"43":{"start":{"line":44,"column":0},"end":{"line":44,"column":103}},"44":{"start":{"line":45,"column":0},"end":{"line":45,"column":7}},"45":{"start":{"line":46,"column":0},"end":{"line":46,"column":23}},"46":{"start":{"line":47,"column":0},"end":{"line":47,"column":42}},"47":{"start":{"line":48,"column":0},"end":{"line":48,"column":29}},"48":{"start":{"line":49,"column":0},"end":{"line":49,"column":5}},"49":{"start":{"line":50,"column":0},"end":{"line":50,"column":1}},"52":{"start":{"line":53,"column":0},"end":{"line":53,"column":79}},"53":{"start":{"line":54,"column":0},"end":{"line":54,"column":16}},"54":{"start":{"line":55,"column":0},"end":{"line":55,"column":36}},"55":{"start":{"line":56,"column":0},"end":{"line":56,"column":104}},"56":{"start":{"line":57,"column":0},"end":{"line":57,"column":7}},"57":{"start":{"line":58,"column":0},"end":{"line":58,"column":23}},"58":{"start":{"line":59,"column":0},"end":{"line":59,"column":43}},"59":{"start":{"line":60,"column":0},"end":{"line":60,"column":29}},"60":{"start":{"line":61,"column":0},"end":{"line":61,"column":5}},"61":{"start":{"line":62,"column":0},"end":{"line":62,"column":1}},"64":{"start":{"line":65,"column":0},"end":{"line":65,"column":70}},"65":{"start":{"line":66,"column":0},"end":{"line":66,"column":16}},"66":{"start":{"line":67,"column":0},"end":{"line":67,"column":40}},"67":{"start":{"line":68,"column":0},"end":{"line":68,"column":94}},"68":{"start":{"line":69,"column":0},"end":{"line":69,"column":7}},"69":{"start":{"line":70,"column":0},"end":{"line":70,"column":23}},"70":{"start":{"line":71,"column":0},"end":{"line":71,"column":34}},"71":{"start":{"line":72,"column":0},"end":{"line":72,"column":29}},"72":{"start":{"line":73,"column":0},"end":{"line":73,"column":5}},"73":{"start":{"line":74,"column":0},"end":{"line":74,"column":1}},"76":{"start":{"line":77,"column":0},"end":{"line":77,"column":84}},"77":{"start":{"line":78,"column":0},"end":{"line":78,"column":16}},"78":{"start":{"line":79,"column":0},"end":{"line":79,"column":46}},"79":{"start":{"line":80,"column":0},"end":{"line":80,"column":99}},"80":{"start":{"line":81,"column":0},"end":{"line":81,"column":7}},"81":{"start":{"line":82,"column":0},"end":{"line":82,"column":23}},"82":{"start":{"line":83,"column":0},"end":{"line":83,"column":48}},"83":{"start":{"line":84,"column":0},"end":{"line":84,"column":29}},"84":{"start":{"line":85,"column":0},"end":{"line":85,"column":5}},"85":{"start":{"line":86,"column":0},"end":{"line":86,"column":1}},"88":{"start":{"line":89,"column":0},"end":{"line":89,"column":77}},"89":{"start":{"line":90,"column":0},"end":{"line":90,"column":16}},"90":{"start":{"line":91,"column":0},"end":{"line":91,"column":38}},"91":{"start":{"line":92,"column":0},"end":{"line":92,"column":102}},"92":{"start":{"line":93,"column":0},"end":{"line":93,"column":7}},"93":{"start":{"line":94,"column":0},"end":{"line":94,"column":23}},"94":{"start":{"line":95,"column":0},"end":{"line":95,"column":41}},"95":{"start":{"line":96,"column":0},"end":{"line":96,"column":29}},"96":{"start":{"line":97,"column":0},"end":{"line":97,"column":5}},"97":{"start":{"line":98,"column":0},"end":{"line":98,"column":1}},"100":{"start":{"line":101,"column":0},"end":{"line":101,"column":74}},"101":{"start":{"line":102,"column":0},"end":{"line":102,"column":16}},"102":{"start":{"line":103,"column":0},"end":{"line":103,"column":36}},"103":{"start":{"line":104,"column":0},"end":{"line":104,"column":99}},"104":{"start":{"line":105,"column":0},"end":{"line":105,"column":7}},"105":{"start":{"line":106,"column":0},"end":{"line":106,"column":23}},"106":{"start":{"line":107,"column":0},"end":{"line":107,"column":38}},"107":{"start":{"line":108,"column":0},"end":{"line":108,"column":29}},"108":{"start":{"line":109,"column":0},"end":{"line":109,"column":5}},"109":{"start":{"line":110,"column":0},"end":{"line":110,"column":1}},"112":{"start":{"line":113,"column":0},"end":{"line":113,"column":81}},"113":{"start":{"line":114,"column":0},"end":{"line":114,"column":16}},"114":{"start":{"line":115,"column":0},"end":{"line":115,"column":38}},"115":{"start":{"line":116,"column":0},"end":{"line":116,"column":106}},"116":{"start":{"line":117,"column":0},"end":{"line":117,"column":7}},"117":{"start":{"line":118,"column":0},"end":{"line":118,"column":23}},"118":{"start":{"line":119,"column":0},"end":{"line":119,"column":45}},"119":{"start":{"line":120,"column":0},"end":{"line":120,"column":29}},"120":{"start":{"line":121,"column":0},"end":{"line":121,"column":5}},"121":{"start":{"line":122,"column":0},"end":{"line":122,"column":1}}},"s":{"9":1,"16":1,"17":1,"18":0,"19":0,"20":0,"21":0,"22":0,"23":0,"24":0,"25":1,"28":1,"29":1,"30":0,"31":0,"32":0,"33":0,"34":0,"35":0,"36":0,"37":1,"40":1,"41":1,"42":0,"43":0,"44":0,"45":0,"46":0,"47":0,"48":0,"49":1,"52":1,"53":1,"54":0,"55":0,"56":0,"57":0,"58":0,"59":0,"60":0,"61":1,"64":1,"65":1,"66":0,"67":0,"68":0,"69":0,"70":0,"71":0,"72":0,"73":1,"76":1,"77":1,"78":0,"79":0,"80":0,"81":0,"82":0,"83":0,"84":0,"85":1,"88":1,"89":1,"90":0,"91":0,"92":0,"93":0,"94":0,"95":0,"96":0,"97":1,"100":1,"101":1,"102":0,"103":0,"104":0,"105":0,"106":0,"107":0,"108":0,"109":1,"112":1,"113":1,"114":0,"115":0,"116":0,"117":0,"118":0,"119":0,"120":0,"121":1},"branchMap":{},"b":{},"fnMap":{"0":{"name":"ChatGPTAPIError","decl":{"start":{"line":18,"column":4},"end":{"line":25,"column":5}},"loc":{"start":{"line":18,"column":4},"end":{"line":25,"column":5}},"line":18},"1":{"name":"GoogleTTSAPIError","decl":{"start":{"line":30,"column":4},"end":{"line":37,"column":5}},"loc":{"start":{"line":30,"column":4},"end":{"line":37,"column":5}},"line":30},"2":{"name":"SSMLValidationError","decl":{"start":{"line":42,"column":4},"end":{"line":49,"column":5}},"loc":{"start":{"line":42,"column":4},"end":{"line":49,"column":5}},"line":42},"3":{"name":"AudioProcessingError","decl":{"start":{"line":54,"column":4},"end":{"line":61,"column":5}},"loc":{"start":{"line":54,"column":4},"end":{"line":61,"column":5}},"line":54},"4":{"name":"FFmpegError","decl":{"start":{"line":66,"column":4},"end":{"line":73,"column":5}},"loc":{"start":{"line":66,"column":4},"end":{"line":73,"column":5}},"line":66},"5":{"name":"GoogleAuthenticationError","decl":{"start":{"line":78,"column":4},"end":{"line":85,"column":5}},"loc":{"start":{"line":78,"column":4},"end":{"line":85,"column":5}},"line":78},"6":{"name":"FileOperationError","decl":{"start":{"line":90,"column":4},"end":{"line":97,"column":5}},"loc":{"start":{"line":90,"column":4},"end":{"line":97,"column":5}},"line":90},"7":{"name":"AudioSplitError","decl":{"start":{"line":102,"column":4},"end":{"line":109,"column":5}},"loc":{"start":{"line":102,"column":4},"end":{"line":109,"column":5}},"line":102},"8":{"name":"EnvironmentConfigError","decl":{"start":{"line":114,"column":4},"end":{"line":121,"column":5}},"loc":{"start":{"line":114,"column":4},"end":{"line":121,"column":5}},"line":114}},"f":{"0":0,"1":0,"2":0,"3":0,"4":0,"5":0,"6":0,"7":0,"8":0}}
,"/Users/sojikoeie/Desktop/Generative_Quiz_Application/server/listening-quiz-transactions/schemas/lquizapischema.ts": {"path":"/Users/sojikoeie/Desktop/Generative_Quiz_Application/server/listening-quiz-transactions/schemas/lquizapischema.ts","all":false,"statementMap":{"0":{"start":{"line":1,"column":0},"end":{"line":1,"column":22}},"4":{"start":{"line":5,"column":0},"end":{"line":5,"column":46}},"5":{"start":{"line":6,"column":0},"end":{"line":6,"column":52}},"6":{"start":{"line":7,"column":0},"end":{"line":7,"column":57}},"7":{"start":{"line":8,"column":0},"end":{"line":8,"column":46}},"8":{"start":{"line":9,"column":0},"end":{"line":9,"column":45}},"9":{"start":{"line":10,"column":0},"end":{"line":10,"column":31}},"10":{"start":{"line":11,"column":0},"end":{"line":11,"column":37}},"11":{"start":{"line":12,"column":0},"end":{"line":12,"column":27}},"12":{"start":{"line":13,"column":0},"end":{"line":13,"column":29}},"13":{"start":{"line":14,"column":0},"end":{"line":14,"column":31}},"14":{"start":{"line":15,"column":0},"end":{"line":15,"column":11}},"15":{"start":{"line":16,"column":0},"end":{"line":16,"column":66}},"16":{"start":{"line":17,"column":0},"end":{"line":17,"column":15}},"17":{"start":{"line":18,"column":0},"end":{"line":18,"column":32}},"18":{"start":{"line":19,"column":0},"end":{"line":19,"column":34}},"19":{"start":{"line":20,"column":0},"end":{"line":20,"column":38}},"20":{"start":{"line":21,"column":0},"end":{"line":21,"column":32}},"21":{"start":{"line":22,"column":0},"end":{"line":22,"column":17}},"22":{"start":{"line":23,"column":0},"end":{"line":23,"column":3}},"25":{"start":{"line":26,"column":0},"end":{"line":26,"column":115}},"26":{"start":{"line":27,"column":0},"end":{"line":27,"column":28}},"27":{"start":{"line":28,"column":0},"end":{"line":28,"column":31}},"28":{"start":{"line":29,"column":0},"end":{"line":29,"column":92}},"29":{"start":{"line":30,"column":0},"end":{"line":30,"column":85}},"30":{"start":{"line":31,"column":0},"end":{"line":31,"column":28}},"31":{"start":{"line":32,"column":0},"end":{"line":32,"column":29}},"34":{"start":{"line":35,"column":0},"end":{"line":35,"column":2}},"35":{"start":{"line":36,"column":0},"end":{"line":36,"column":2}},"38":{"start":{"line":39,"column":0},"end":{"line":39,"column":49}},"39":{"start":{"line":40,"column":0},"end":{"line":40,"column":36}},"40":{"start":{"line":41,"column":0},"end":{"line":41,"column":34}},"41":{"start":{"line":42,"column":0},"end":{"line":42,"column":29}},"42":{"start":{"line":43,"column":0},"end":{"line":43,"column":31}},"43":{"start":{"line":44,"column":0},"end":{"line":44,"column":18}},"44":{"start":{"line":45,"column":0},"end":{"line":45,"column":3}}},"s":{"0":1,"4":1,"5":1,"6":1,"7":1,"8":1,"9":1,"10":1,"11":1,"12":1,"13":1,"14":1,"15":1,"16":1,"17":1,"18":1,"19":1,"20":1,"21":1,"22":1,"25":1,"26":1,"27":1,"28":1,"29":1,"30":1,"31":1,"34":1,"35":1,"38":1,"39":1,"40":1,"41":1,"42":1,"43":1,"44":1},"branchMap":{},"b":{},"fnMap":{},"f":{}}
,"/Users/sojikoeie/Desktop/Generative_Quiz_Application/server/listening-quiz-transactions/services/lquizapiservice.ts": {"path":"/Users/sojikoeie/Desktop/Generative_Quiz_Application/server/listening-quiz-transactions/services/lquizapiservice.ts","all":false,"statementMap":{"12":{"start":{"line":13,"column":0},"end":{"line":13,"column":57}},"14":{"start":{"line":15,"column":0},"end":{"line":15,"column":55}},"15":{"start":{"line":16,"column":0},"end":{"line":16,"column":24}},"18":{"start":{"line":19,"column":0},"end":{"line":19,"column":47}},"19":{"start":{"line":20,"column":0},"end":{"line":20,"column":72}},"20":{"start":{"line":21,"column":0},"end":{"line":21,"column":63}},"21":{"start":{"line":22,"column":0},"end":{"line":22,"column":24}},"22":{"start":{"line":23,"column":0},"end":{"line":23,"column":20}},"25":{"start":{"line":26,"column":0},"end":{"line":26,"column":32}},"26":{"start":{"line":27,"column":0},"end":{"line":27,"column":15}},"27":{"start":{"line":28,"column":0},"end":{"line":28,"column":30}},"28":{"start":{"line":29,"column":0},"end":{"line":29,"column":26}},"29":{"start":{"line":30,"column":0},"end":{"line":30,"column":36}},"30":{"start":{"line":31,"column":0},"end":{"line":31,"column":43}},"31":{"start":{"line":32,"column":0},"end":{"line":32,"column":49}},"32":{"start":{"line":33,"column":0},"end":{"line":33,"column":45}},"33":{"start":{"line":34,"column":0},"end":{"line":34,"column":10}},"34":{"start":{"line":35,"column":0},"end":{"line":35,"column":21}},"35":{"start":{"line":36,"column":0},"end":{"line":36,"column":34}},"36":{"start":{"line":37,"column":0},"end":{"line":37,"column":36}},"37":{"start":{"line":38,"column":0},"end":{"line":38,"column":32}},"38":{"start":{"line":39,"column":0},"end":{"line":39,"column":30}},"39":{"start":{"line":40,"column":0},"end":{"line":40,"column":10}},"40":{"start":{"line":41,"column":0},"end":{"line":41,"column":22}},"41":{"start":{"line":42,"column":0},"end":{"line":42,"column":25}},"42":{"start":{"line":43,"column":0},"end":{"line":43,"column":23}},"43":{"start":{"line":44,"column":0},"end":{"line":44,"column":25}},"44":{"start":{"line":45,"column":0},"end":{"line":45,"column":24}},"45":{"start":{"line":46,"column":0},"end":{"line":46,"column":9}},"46":{"start":{"line":47,"column":0},"end":{"line":47,"column":6}},"47":{"start":{"line":48,"column":0},"end":{"line":48,"column":15}},"48":{"start":{"line":49,"column":0},"end":{"line":49,"column":30}},"49":{"start":{"line":50,"column":0},"end":{"line":50,"column":26}},"50":{"start":{"line":51,"column":0},"end":{"line":51,"column":53}},"51":{"start":{"line":52,"column":0},"end":{"line":52,"column":35}},"52":{"start":{"line":53,"column":0},"end":{"line":53,"column":25}},"53":{"start":{"line":54,"column":0},"end":{"line":54,"column":26}},"54":{"start":{"line":55,"column":0},"end":{"line":55,"column":10}},"55":{"start":{"line":56,"column":0},"end":{"line":56,"column":21}},"56":{"start":{"line":57,"column":0},"end":{"line":57,"column":45}},"57":{"start":{"line":58,"column":0},"end":{"line":58,"column":33}},"58":{"start":{"line":59,"column":0},"end":{"line":59,"column":39}},"59":{"start":{"line":60,"column":0},"end":{"line":60,"column":57}},"60":{"start":{"line":61,"column":0},"end":{"line":61,"column":10}},"61":{"start":{"line":62,"column":0},"end":{"line":62,"column":22}},"62":{"start":{"line":63,"column":0},"end":{"line":63,"column":34}},"63":{"start":{"line":64,"column":0},"end":{"line":64,"column":33}},"64":{"start":{"line":65,"column":0},"end":{"line":65,"column":25}},"65":{"start":{"line":66,"column":0},"end":{"line":66,"column":23}},"66":{"start":{"line":67,"column":0},"end":{"line":67,"column":9}},"67":{"start":{"line":68,"column":0},"end":{"line":68,"column":6}},"68":{"start":{"line":69,"column":0},"end":{"line":69,"column":14}},"69":{"start":{"line":70,"column":0},"end":{"line":70,"column":30}},"70":{"start":{"line":71,"column":0},"end":{"line":71,"column":26}},"71":{"start":{"line":72,"column":0},"end":{"line":72,"column":37}},"72":{"start":{"line":73,"column":0},"end":{"line":73,"column":45}},"73":{"start":{"line":74,"column":0},"end":{"line":74,"column":41}},"74":{"start":{"line":75,"column":0},"end":{"line":75,"column":56}},"75":{"start":{"line":76,"column":0},"end":{"line":76,"column":10}},"76":{"start":{"line":77,"column":0},"end":{"line":77,"column":21}},"77":{"start":{"line":78,"column":0},"end":{"line":78,"column":34}},"78":{"start":{"line":79,"column":0},"end":{"line":79,"column":35}},"79":{"start":{"line":80,"column":0},"end":{"line":80,"column":33}},"80":{"start":{"line":81,"column":0},"end":{"line":81,"column":30}},"81":{"start":{"line":82,"column":0},"end":{"line":82,"column":10}},"82":{"start":{"line":83,"column":0},"end":{"line":83,"column":22}},"83":{"start":{"line":84,"column":0},"end":{"line":84,"column":25}},"84":{"start":{"line":85,"column":0},"end":{"line":85,"column":21}},"85":{"start":{"line":86,"column":0},"end":{"line":86,"column":26}},"86":{"start":{"line":87,"column":0},"end":{"line":87,"column":25}},"87":{"start":{"line":88,"column":0},"end":{"line":88,"column":9}},"88":{"start":{"line":89,"column":0},"end":{"line":89,"column":6}},"89":{"start":{"line":90,"column":0},"end":{"line":90,"column":17}},"90":{"start":{"line":91,"column":0},"end":{"line":91,"column":33}},"91":{"start":{"line":92,"column":0},"end":{"line":92,"column":26}},"92":{"start":{"line":93,"column":0},"end":{"line":93,"column":47}},"93":{"start":{"line":94,"column":0},"end":{"line":94,"column":45}},"94":{"start":{"line":95,"column":0},"end":{"line":95,"column":54}},"95":{"start":{"line":96,"column":0},"end":{"line":96,"column":52}},"96":{"start":{"line":97,"column":0},"end":{"line":97,"column":10}},"97":{"start":{"line":98,"column":0},"end":{"line":98,"column":21}},"98":{"start":{"line":99,"column":0},"end":{"line":99,"column":31}},"99":{"start":{"line":100,"column":0},"end":{"line":100,"column":34}},"100":{"start":{"line":101,"column":0},"end":{"line":101,"column":31}},"101":{"start":{"line":102,"column":0},"end":{"line":102,"column":27}},"102":{"start":{"line":103,"column":0},"end":{"line":103,"column":10}},"103":{"start":{"line":104,"column":0},"end":{"line":104,"column":22}},"104":{"start":{"line":105,"column":0},"end":{"line":105,"column":31}},"105":{"start":{"line":106,"column":0},"end":{"line":106,"column":26}},"106":{"start":{"line":107,"column":0},"end":{"line":107,"column":30}},"107":{"start":{"line":108,"column":0},"end":{"line":108,"column":24}},"108":{"start":{"line":109,"column":0},"end":{"line":109,"column":9}},"109":{"start":{"line":110,"column":0},"end":{"line":110,"column":5}},"110":{"start":{"line":111,"column":0},"end":{"line":111,"column":2}},"116":{"start":{"line":117,"column":0},"end":{"line":117,"column":83}},"117":{"start":{"line":118,"column":0},"end":{"line":118,"column":65}},"118":{"start":{"line":119,"column":0},"end":{"line":119,"column":61}},"119":{"start":{"line":120,"column":0},"end":{"line":120,"column":59}},"120":{"start":{"line":121,"column":0},"end":{"line":121,"column":6}},"121":{"start":{"line":122,"column":0},"end":{"line":122,"column":2}},"124":{"start":{"line":125,"column":0},"end":{"line":125,"column":72}},"126":{"start":{"line":127,"column":0},"end":{"line":127,"column":26}},"127":{"start":{"line":128,"column":0},"end":{"line":128,"column":12}},"128":{"start":{"line":129,"column":0},"end":{"line":129,"column":34}},"129":{"start":{"line":130,"column":0},"end":{"line":130,"column":64}},"130":{"start":{"line":131,"column":0},"end":{"line":131,"column":59}},"131":{"start":{"line":132,"column":0},"end":{"line":132,"column":59}},"132":{"start":{"line":133,"column":0},"end":{"line":133,"column":10}},"133":{"start":{"line":134,"column":0},"end":{"line":134,"column":12}},"134":{"start":{"line":135,"column":0},"end":{"line":135,"column":33}},"135":{"start":{"line":136,"column":0},"end":{"line":136,"column":50}},"136":{"start":{"line":137,"column":0},"end":{"line":137,"column":46}},"137":{"start":{"line":138,"column":0},"end":{"line":138,"column":63}},"138":{"start":{"line":139,"column":0},"end":{"line":139,"column":10}},"139":{"start":{"line":140,"column":0},"end":{"line":140,"column":12}},"140":{"start":{"line":141,"column":0},"end":{"line":141,"column":32}},"141":{"start":{"line":142,"column":0},"end":{"line":142,"column":56}},"142":{"start":{"line":143,"column":0},"end":{"line":143,"column":48}},"143":{"start":{"line":144,"column":0},"end":{"line":144,"column":73}},"144":{"start":{"line":145,"column":0},"end":{"line":145,"column":10}},"145":{"start":{"line":146,"column":0},"end":{"line":146,"column":12}},"146":{"start":{"line":147,"column":0},"end":{"line":147,"column":33}},"147":{"start":{"line":148,"column":0},"end":{"line":148,"column":52}},"148":{"start":{"line":149,"column":0},"end":{"line":149,"column":52}},"149":{"start":{"line":150,"column":0},"end":{"line":150,"column":75}},"150":{"start":{"line":151,"column":0},"end":{"line":151,"column":9}},"151":{"start":{"line":152,"column":0},"end":{"line":152,"column":6}},"153":{"start":{"line":154,"column":0},"end":{"line":154,"column":81}},"156":{"start":{"line":157,"column":0},"end":{"line":157,"column":105}},"157":{"start":{"line":158,"column":0},"end":{"line":158,"column":101}},"159":{"start":{"line":160,"column":0},"end":{"line":160,"column":112}},"160":{"start":{"line":161,"column":0},"end":{"line":161,"column":17}},"161":{"start":{"line":162,"column":0},"end":{"line":162,"column":68}},"162":{"start":{"line":163,"column":0},"end":{"line":163,"column":68}},"163":{"start":{"line":164,"column":0},"end":{"line":164,"column":11}},"164":{"start":{"line":165,"column":0},"end":{"line":165,"column":7}},"166":{"start":{"line":167,"column":0},"end":{"line":167,"column":12}},"167":{"start":{"line":168,"column":0},"end":{"line":168,"column":84}},"169":{"start":{"line":170,"column":0},"end":{"line":170,"column":33}},"170":{"start":{"line":171,"column":0},"end":{"line":171,"column":27}},"171":{"start":{"line":172,"column":0},"end":{"line":172,"column":22}},"172":{"start":{"line":173,"column":0},"end":{"line":173,"column":26}},"173":{"start":{"line":174,"column":0},"end":{"line":174,"column":30}},"175":{"start":{"line":176,"column":0},"end":{"line":176,"column":55}},"176":{"start":{"line":177,"column":0},"end":{"line":177,"column":22}},"177":{"start":{"line":178,"column":0},"end":{"line":178,"column":58}},"178":{"start":{"line":179,"column":0},"end":{"line":179,"column":65}},"179":{"start":{"line":180,"column":0},"end":{"line":180,"column":61}},"180":{"start":{"line":181,"column":0},"end":{"line":181,"column":62}},"181":{"start":{"line":182,"column":0},"end":{"line":182,"column":12}},"219":{"start":{"line":220,"column":0},"end":{"line":220,"column":101}},"221":{"start":{"line":222,"column":0},"end":{"line":222,"column":137}},"223":{"start":{"line":224,"column":0},"end":{"line":224,"column":86}},"224":{"start":{"line":225,"column":0},"end":{"line":225,"column":45}},"226":{"start":{"line":227,"column":0},"end":{"line":227,"column":40}},"227":{"start":{"line":228,"column":0},"end":{"line":228,"column":20}},"244":{"start":{"line":245,"column":0},"end":{"line":245,"column":9}},"245":{"start":{"line":246,"column":0},"end":{"line":246,"column":2}},"248":{"start":{"line":249,"column":0},"end":{"line":249,"column":124}},"249":{"start":{"line":250,"column":0},"end":{"line":250,"column":9}},"250":{"start":{"line":251,"column":0},"end":{"line":251,"column":47}},"251":{"start":{"line":252,"column":0},"end":{"line":252,"column":84}},"252":{"start":{"line":253,"column":0},"end":{"line":253,"column":27}},"253":{"start":{"line":254,"column":0},"end":{"line":254,"column":22}},"254":{"start":{"line":255,"column":0},"end":{"line":255,"column":51}},"255":{"start":{"line":256,"column":0},"end":{"line":256,"column":84}},"256":{"start":{"line":257,"column":0},"end":{"line":257,"column":14}},"257":{"start":{"line":258,"column":0},"end":{"line":258,"column":34}},"258":{"start":{"line":259,"column":0},"end":{"line":259,"column":32}},"259":{"start":{"line":260,"column":0},"end":{"line":260,"column":27}},"260":{"start":{"line":261,"column":0},"end":{"line":261,"column":21}},"261":{"start":{"line":262,"column":0},"end":{"line":262,"column":39}},"262":{"start":{"line":263,"column":0},"end":{"line":263,"column":85}},"263":{"start":{"line":264,"column":0},"end":{"line":264,"column":22}},"264":{"start":{"line":265,"column":0},"end":{"line":265,"column":21}},"265":{"start":{"line":266,"column":0},"end":{"line":266,"column":37}},"266":{"start":{"line":267,"column":0},"end":{"line":267,"column":39}},"267":{"start":{"line":268,"column":0},"end":{"line":268,"column":21}},"268":{"start":{"line":269,"column":0},"end":{"line":269,"column":18}},"269":{"start":{"line":270,"column":0},"end":{"line":270,"column":31}},"270":{"start":{"line":271,"column":0},"end":{"line":271,"column":33}},"271":{"start":{"line":272,"column":0},"end":{"line":272,"column":56}},"272":{"start":{"line":273,"column":0},"end":{"line":273,"column":14}},"273":{"start":{"line":274,"column":0},"end":{"line":274,"column":11}},"274":{"start":{"line":275,"column":0},"end":{"line":275,"column":50}},"275":{"start":{"line":276,"column":0},"end":{"line":276,"column":27}},"276":{"start":{"line":277,"column":0},"end":{"line":277,"column":111}},"277":{"start":{"line":278,"column":0},"end":{"line":278,"column":9}},"279":{"start":{"line":280,"column":0},"end":{"line":280,"column":52}},"280":{"start":{"line":281,"column":0},"end":{"line":281,"column":90}},"281":{"start":{"line":282,"column":0},"end":{"line":282,"column":57}},"282":{"start":{"line":283,"column":0},"end":{"line":283,"column":113}},"284":{"start":{"line":285,"column":0},"end":{"line":285,"column":49}},"285":{"start":{"line":286,"column":0},"end":{"line":286,"column":75}},"286":{"start":{"line":287,"column":0},"end":{"line":287,"column":46}},"287":{"start":{"line":288,"column":0},"end":{"line":288,"column":9}},"289":{"start":{"line":290,"column":0},"end":{"line":290,"column":49}},"290":{"start":{"line":291,"column":0},"end":{"line":291,"column":97}},"291":{"start":{"line":292,"column":0},"end":{"line":292,"column":58}},"292":{"start":{"line":293,"column":0},"end":{"line":293,"column":74}},"294":{"start":{"line":295,"column":0},"end":{"line":295,"column":129}},"295":{"start":{"line":296,"column":0},"end":{"line":296,"column":43}},"296":{"start":{"line":297,"column":0},"end":{"line":297,"column":78}},"297":{"start":{"line":298,"column":0},"end":{"line":298,"column":75}},"298":{"start":{"line":299,"column":0},"end":{"line":299,"column":9}},"300":{"start":{"line":301,"column":0},"end":{"line":301,"column":40}},"301":{"start":{"line":302,"column":0},"end":{"line":302,"column":21}},"302":{"start":{"line":303,"column":0},"end":{"line":303,"column":42}},"303":{"start":{"line":304,"column":0},"end":{"line":304,"column":70}},"304":{"start":{"line":305,"column":0},"end":{"line":305,"column":101}},"305":{"start":{"line":306,"column":0},"end":{"line":306,"column":62}},"306":{"start":{"line":307,"column":0},"end":{"line":307,"column":43}},"307":{"start":{"line":308,"column":0},"end":{"line":308,"column":16}},"308":{"start":{"line":309,"column":0},"end":{"line":309,"column":62}},"309":{"start":{"line":310,"column":0},"end":{"line":310,"column":78}},"310":{"start":{"line":311,"column":0},"end":{"line":311,"column":9}},"311":{"start":{"line":312,"column":0},"end":{"line":312,"column":5}},"312":{"start":{"line":313,"column":0},"end":{"line":313,"column":2}},"317":{"start":{"line":318,"column":0},"end":{"line":318,"column":33}},"318":{"start":{"line":319,"column":0},"end":{"line":319,"column":15}},"319":{"start":{"line":320,"column":0},"end":{"line":320,"column":30}},"320":{"start":{"line":321,"column":0},"end":{"line":321,"column":17}},"321":{"start":{"line":322,"column":0},"end":{"line":322,"column":58}},"322":{"start":{"line":323,"column":0},"end":{"line":323,"column":58}},"323":{"start":{"line":324,"column":0},"end":{"line":324,"column":56}},"324":{"start":{"line":325,"column":0},"end":{"line":325,"column":55}},"325":{"start":{"line":326,"column":0},"end":{"line":326,"column":9}},"326":{"start":{"line":327,"column":0},"end":{"line":327,"column":6}},"327":{"start":{"line":328,"column":0},"end":{"line":328,"column":15}},"328":{"start":{"line":329,"column":0},"end":{"line":329,"column":50}},"329":{"start":{"line":330,"column":0},"end":{"line":330,"column":17}},"330":{"start":{"line":331,"column":0},"end":{"line":331,"column":58}},"331":{"start":{"line":332,"column":0},"end":{"line":332,"column":55}},"332":{"start":{"line":333,"column":0},"end":{"line":333,"column":9}},"333":{"start":{"line":334,"column":0},"end":{"line":334,"column":6}},"334":{"start":{"line":335,"column":0},"end":{"line":335,"column":14}},"335":{"start":{"line":336,"column":0},"end":{"line":336,"column":30}},"336":{"start":{"line":337,"column":0},"end":{"line":337,"column":17}},"337":{"start":{"line":338,"column":0},"end":{"line":338,"column":58}},"338":{"start":{"line":339,"column":0},"end":{"line":339,"column":56}},"339":{"start":{"line":340,"column":0},"end":{"line":340,"column":58}},"340":{"start":{"line":341,"column":0},"end":{"line":341,"column":55}},"341":{"start":{"line":342,"column":0},"end":{"line":342,"column":9}},"342":{"start":{"line":343,"column":0},"end":{"line":343,"column":6}},"343":{"start":{"line":344,"column":0},"end":{"line":344,"column":17}},"344":{"start":{"line":345,"column":0},"end":{"line":345,"column":30}},"345":{"start":{"line":346,"column":0},"end":{"line":346,"column":17}},"346":{"start":{"line":347,"column":0},"end":{"line":347,"column":58}},"347":{"start":{"line":348,"column":0},"end":{"line":348,"column":56}},"348":{"start":{"line":349,"column":0},"end":{"line":349,"column":58}},"349":{"start":{"line":350,"column":0},"end":{"line":350,"column":55}},"350":{"start":{"line":351,"column":0},"end":{"line":351,"column":9}},"351":{"start":{"line":352,"column":0},"end":{"line":352,"column":5}},"352":{"start":{"line":353,"column":0},"end":{"line":353,"column":76}},"367":{"start":{"line":368,"column":0},"end":{"line":368,"column":33}},"369":{"start":{"line":370,"column":0},"end":{"line":370,"column":113}},"370":{"start":{"line":371,"column":0},"end":{"line":371,"column":74}},"371":{"start":{"line":372,"column":0},"end":{"line":372,"column":39}},"372":{"start":{"line":373,"column":0},"end":{"line":373,"column":10}},"374":{"start":{"line":375,"column":0},"end":{"line":375,"column":73}},"375":{"start":{"line":376,"column":0},"end":{"line":376,"column":47}},"376":{"start":{"line":377,"column":0},"end":{"line":377,"column":87}},"379":{"start":{"line":380,"column":0},"end":{"line":380,"column":75}},"381":{"start":{"line":382,"column":0},"end":{"line":382,"column":73}},"382":{"start":{"line":383,"column":0},"end":{"line":383,"column":64}},"383":{"start":{"line":384,"column":0},"end":{"line":384,"column":11}},"385":{"start":{"line":386,"column":0},"end":{"line":386,"column":16}},"387":{"start":{"line":388,"column":0},"end":{"line":388,"column":106}},"388":{"start":{"line":389,"column":0},"end":{"line":389,"column":40}},"389":{"start":{"line":390,"column":0},"end":{"line":390,"column":51}},"391":{"start":{"line":392,"column":0},"end":{"line":392,"column":39}},"396":{"start":{"line":397,"column":0},"end":{"line":397,"column":9}},"397":{"start":{"line":398,"column":0},"end":{"line":398,"column":5}},"399":{"start":{"line":400,"column":0},"end":{"line":400,"column":101}},"401":{"start":{"line":402,"column":0},"end":{"line":402,"column":68}},"402":{"start":{"line":403,"column":0},"end":{"line":403,"column":45}},"403":{"start":{"line":404,"column":0},"end":{"line":404,"column":54}},"404":{"start":{"line":405,"column":0},"end":{"line":405,"column":57}},"406":{"start":{"line":407,"column":0},"end":{"line":407,"column":16}},"407":{"start":{"line":408,"column":0},"end":{"line":408,"column":60}},"408":{"start":{"line":409,"column":0},"end":{"line":409,"column":39}},"409":{"start":{"line":410,"column":0},"end":{"line":410,"column":41}},"410":{"start":{"line":411,"column":0},"end":{"line":411,"column":22}},"412":{"start":{"line":413,"column":0},"end":{"line":413,"column":37}},"414":{"start":{"line":415,"column":0},"end":{"line":415,"column":5}},"417":{"start":{"line":418,"column":0},"end":{"line":418,"column":53}},"418":{"start":{"line":419,"column":0},"end":{"line":419,"column":19}},"419":{"start":{"line":420,"column":0},"end":{"line":420,"column":35}},"420":{"start":{"line":421,"column":0},"end":{"line":421,"column":34}},"421":{"start":{"line":422,"column":0},"end":{"line":422,"column":34}},"422":{"start":{"line":423,"column":0},"end":{"line":423,"column":36}},"423":{"start":{"line":424,"column":0},"end":{"line":424,"column":37}},"424":{"start":{"line":425,"column":0},"end":{"line":425,"column":6}},"425":{"start":{"line":426,"column":0},"end":{"line":426,"column":2}},"433":{"start":{"line":434,"column":0},"end":{"line":434,"column":111}},"434":{"start":{"line":435,"column":0},"end":{"line":435,"column":9}},"436":{"start":{"line":437,"column":0},"end":{"line":437,"column":58}},"437":{"start":{"line":438,"column":0},"end":{"line":438,"column":102}},"438":{"start":{"line":439,"column":0},"end":{"line":439,"column":10}},"441":{"start":{"line":442,"column":0},"end":{"line":442,"column":27}},"444":{"start":{"line":445,"column":0},"end":{"line":445,"column":57}},"447":{"start":{"line":448,"column":0},"end":{"line":448,"column":101}},"448":{"start":{"line":449,"column":0},"end":{"line":449,"column":27}},"449":{"start":{"line":450,"column":0},"end":{"line":450,"column":22}},"450":{"start":{"line":451,"column":0},"end":{"line":451,"column":51}},"451":{"start":{"line":452,"column":0},"end":{"line":452,"column":57}},"452":{"start":{"line":453,"column":0},"end":{"line":453,"column":80}},"453":{"start":{"line":454,"column":0},"end":{"line":454,"column":14}},"454":{"start":{"line":455,"column":0},"end":{"line":455,"column":34}},"455":{"start":{"line":456,"column":0},"end":{"line":456,"column":24}},"456":{"start":{"line":457,"column":0},"end":{"line":457,"column":73}},"457":{"start":{"line":458,"column":0},"end":{"line":458,"column":18}},"458":{"start":{"line":459,"column":0},"end":{"line":459,"column":30}},"459":{"start":{"line":460,"column":0},"end":{"line":460,"column":41}},"460":{"start":{"line":461,"column":0},"end":{"line":461,"column":43}},"461":{"start":{"line":462,"column":0},"end":{"line":462,"column":38}},"462":{"start":{"line":463,"column":0},"end":{"line":463,"column":30}},"463":{"start":{"line":464,"column":0},"end":{"line":464,"column":18}},"464":{"start":{"line":465,"column":0},"end":{"line":465,"column":60}},"465":{"start":{"line":466,"column":0},"end":{"line":466,"column":14}},"466":{"start":{"line":467,"column":0},"end":{"line":467,"column":11}},"469":{"start":{"line":470,"column":0},"end":{"line":470,"column":27}},"470":{"start":{"line":471,"column":0},"end":{"line":471,"column":52}},"471":{"start":{"line":472,"column":0},"end":{"line":472,"column":72}},"472":{"start":{"line":473,"column":0},"end":{"line":473,"column":109}},"473":{"start":{"line":474,"column":0},"end":{"line":474,"column":9}},"475":{"start":{"line":476,"column":0},"end":{"line":476,"column":81}},"477":{"start":{"line":478,"column":0},"end":{"line":478,"column":33}},"478":{"start":{"line":479,"column":0},"end":{"line":479,"column":71}},"479":{"start":{"line":480,"column":0},"end":{"line":480,"column":10}},"482":{"start":{"line":483,"column":0},"end":{"line":483,"column":73}},"485":{"start":{"line":486,"column":0},"end":{"line":486,"column":57}},"486":{"start":{"line":487,"column":0},"end":{"line":487,"column":29}},"487":{"start":{"line":488,"column":0},"end":{"line":488,"column":34}},"488":{"start":{"line":489,"column":0},"end":{"line":489,"column":27}},"489":{"start":{"line":490,"column":0},"end":{"line":490,"column":10}},"491":{"start":{"line":492,"column":0},"end":{"line":492,"column":95}},"493":{"start":{"line":494,"column":0},"end":{"line":494,"column":79}},"495":{"start":{"line":496,"column":0},"end":{"line":496,"column":28}},"497":{"start":{"line":498,"column":0},"end":{"line":498,"column":21}},"498":{"start":{"line":499,"column":0},"end":{"line":499,"column":48}},"499":{"start":{"line":500,"column":0},"end":{"line":500,"column":59}},"500":{"start":{"line":501,"column":0},"end":{"line":501,"column":63}},"501":{"start":{"line":502,"column":0},"end":{"line":502,"column":60}},"502":{"start":{"line":503,"column":0},"end":{"line":503,"column":61}},"503":{"start":{"line":504,"column":0},"end":{"line":504,"column":24}},"504":{"start":{"line":505,"column":0},"end":{"line":505,"column":9}},"505":{"start":{"line":506,"column":0},"end":{"line":506,"column":73}},"506":{"start":{"line":507,"column":0},"end":{"line":507,"column":5}},"507":{"start":{"line":508,"column":0},"end":{"line":508,"column":2}},"510":{"start":{"line":511,"column":0},"end":{"line":511,"column":43}},"512":{"start":{"line":513,"column":0},"end":{"line":513,"column":44}},"513":{"start":{"line":514,"column":0},"end":{"line":514,"column":59}},"514":{"start":{"line":515,"column":0},"end":{"line":515,"column":5}},"517":{"start":{"line":518,"column":0},"end":{"line":518,"column":65}},"518":{"start":{"line":519,"column":0},"end":{"line":519,"column":66}},"519":{"start":{"line":520,"column":0},"end":{"line":520,"column":5}},"522":{"start":{"line":523,"column":0},"end":{"line":523,"column":80}},"523":{"start":{"line":524,"column":0},"end":{"line":524,"column":70}},"524":{"start":{"line":525,"column":0},"end":{"line":525,"column":66}},"526":{"start":{"line":527,"column":0},"end":{"line":527,"column":34}},"527":{"start":{"line":528,"column":0},"end":{"line":528,"column":73}},"528":{"start":{"line":529,"column":0},"end":{"line":529,"column":5}},"530":{"start":{"line":531,"column":0},"end":{"line":531,"column":48}},"531":{"start":{"line":532,"column":0},"end":{"line":532,"column":120}},"532":{"start":{"line":533,"column":0},"end":{"line":533,"column":5}},"535":{"start":{"line":536,"column":0},"end":{"line":536,"column":33}},"536":{"start":{"line":537,"column":0},"end":{"line":537,"column":99}},"537":{"start":{"line":538,"column":0},"end":{"line":538,"column":5}},"539":{"start":{"line":540,"column":0},"end":{"line":540,"column":52}},"540":{"start":{"line":541,"column":0},"end":{"line":541,"column":2}},"543":{"start":{"line":544,"column":0},"end":{"line":544,"column":74}},"544":{"start":{"line":545,"column":0},"end":{"line":545,"column":46}},"545":{"start":{"line":546,"column":0},"end":{"line":546,"column":58}},"546":{"start":{"line":547,"column":0},"end":{"line":547,"column":54}},"548":{"start":{"line":549,"column":0},"end":{"line":549,"column":54}},"549":{"start":{"line":550,"column":0},"end":{"line":550,"column":50}},"551":{"start":{"line":552,"column":0},"end":{"line":552,"column":51}},"552":{"start":{"line":553,"column":0},"end":{"line":553,"column":78}},"553":{"start":{"line":554,"column":0},"end":{"line":554,"column":9}},"555":{"start":{"line":556,"column":0},"end":{"line":556,"column":37}},"556":{"start":{"line":557,"column":0},"end":{"line":557,"column":76}},"557":{"start":{"line":558,"column":0},"end":{"line":558,"column":9}},"558":{"start":{"line":559,"column":0},"end":{"line":559,"column":5}},"559":{"start":{"line":560,"column":0},"end":{"line":560,"column":2}},"564":{"start":{"line":565,"column":0},"end":{"line":565,"column":37}},"565":{"start":{"line":566,"column":0},"end":{"line":566,"column":51}},"566":{"start":{"line":567,"column":0},"end":{"line":567,"column":82}},"567":{"start":{"line":568,"column":0},"end":{"line":568,"column":47}},"568":{"start":{"line":569,"column":0},"end":{"line":569,"column":31}},"570":{"start":{"line":571,"column":0},"end":{"line":571,"column":54}},"571":{"start":{"line":572,"column":0},"end":{"line":572,"column":69}},"572":{"start":{"line":573,"column":0},"end":{"line":573,"column":6}},"574":{"start":{"line":575,"column":0},"end":{"line":575,"column":87}},"575":{"start":{"line":576,"column":0},"end":{"line":576,"column":44}},"578":{"start":{"line":579,"column":0},"end":{"line":579,"column":56}},"579":{"start":{"line":580,"column":0},"end":{"line":580,"column":84}},"580":{"start":{"line":581,"column":0},"end":{"line":581,"column":6}},"583":{"start":{"line":584,"column":0},"end":{"line":584,"column":75}},"586":{"start":{"line":587,"column":0},"end":{"line":587,"column":47}},"589":{"start":{"line":590,"column":0},"end":{"line":590,"column":46}},"590":{"start":{"line":591,"column":0},"end":{"line":591,"column":20}},"591":{"start":{"line":592,"column":0},"end":{"line":592,"column":30}},"592":{"start":{"line":593,"column":0},"end":{"line":593,"column":24}},"593":{"start":{"line":594,"column":0},"end":{"line":594,"column":18}},"594":{"start":{"line":595,"column":0},"end":{"line":595,"column":6}},"595":{"start":{"line":596,"column":0},"end":{"line":596,"column":2}},"598":{"start":{"line":599,"column":0},"end":{"line":599,"column":151}},"601":{"start":{"line":602,"column":0},"end":{"line":602,"column":36}},"602":{"start":{"line":603,"column":0},"end":{"line":603,"column":65}},"603":{"start":{"line":604,"column":0},"end":{"line":604,"column":6}},"604":{"start":{"line":605,"column":0},"end":{"line":605,"column":42}},"605":{"start":{"line":606,"column":0},"end":{"line":606,"column":79}},"606":{"start":{"line":607,"column":0},"end":{"line":607,"column":6}},"607":{"start":{"line":608,"column":0},"end":{"line":608,"column":37}},"608":{"start":{"line":609,"column":0},"end":{"line":609,"column":68}},"609":{"start":{"line":610,"column":0},"end":{"line":610,"column":6}},"612":{"start":{"line":613,"column":0},"end":{"line":613,"column":46}},"613":{"start":{"line":614,"column":0},"end":{"line":614,"column":37}},"614":{"start":{"line":615,"column":0},"end":{"line":615,"column":49}},"615":{"start":{"line":616,"column":0},"end":{"line":616,"column":8}},"617":{"start":{"line":618,"column":0},"end":{"line":618,"column":25}},"618":{"start":{"line":619,"column":0},"end":{"line":619,"column":51}},"621":{"start":{"line":622,"column":0},"end":{"line":622,"column":46}},"622":{"start":{"line":623,"column":0},"end":{"line":623,"column":53}},"623":{"start":{"line":624,"column":0},"end":{"line":624,"column":49}},"625":{"start":{"line":626,"column":0},"end":{"line":626,"column":63}},"626":{"start":{"line":627,"column":0},"end":{"line":627,"column":28}},"627":{"start":{"line":628,"column":0},"end":{"line":628,"column":37}},"628":{"start":{"line":629,"column":0},"end":{"line":629,"column":32}},"629":{"start":{"line":630,"column":0},"end":{"line":630,"column":15}},"630":{"start":{"line":631,"column":0},"end":{"line":631,"column":16}},"631":{"start":{"line":632,"column":0},"end":{"line":632,"column":77}},"632":{"start":{"line":633,"column":0},"end":{"line":633,"column":10}},"633":{"start":{"line":634,"column":0},"end":{"line":634,"column":5}},"635":{"start":{"line":636,"column":0},"end":{"line":636,"column":21}},"636":{"start":{"line":637,"column":0},"end":{"line":637,"column":2}},"639":{"start":{"line":640,"column":0},"end":{"line":640,"column":44}},"640":{"start":{"line":641,"column":0},"end":{"line":641,"column":24}},"641":{"start":{"line":642,"column":0},"end":{"line":642,"column":73}},"642":{"start":{"line":643,"column":0},"end":{"line":643,"column":30}},"643":{"start":{"line":644,"column":0},"end":{"line":644,"column":22}},"644":{"start":{"line":645,"column":0},"end":{"line":645,"column":31}},"647":{"start":{"line":648,"column":0},"end":{"line":648,"column":66}},"648":{"start":{"line":649,"column":0},"end":{"line":649,"column":64}},"649":{"start":{"line":650,"column":0},"end":{"line":650,"column":6}},"651":{"start":{"line":652,"column":0},"end":{"line":652,"column":32}},"652":{"start":{"line":653,"column":0},"end":{"line":653,"column":72}},"654":{"start":{"line":655,"column":0},"end":{"line":655,"column":9}},"656":{"start":{"line":657,"column":0},"end":{"line":657,"column":55}},"659":{"start":{"line":660,"column":0},"end":{"line":660,"column":47}},"660":{"start":{"line":661,"column":0},"end":{"line":661,"column":56}},"661":{"start":{"line":662,"column":0},"end":{"line":662,"column":37}},"662":{"start":{"line":663,"column":0},"end":{"line":663,"column":34}},"663":{"start":{"line":664,"column":0},"end":{"line":664,"column":36}},"664":{"start":{"line":665,"column":0},"end":{"line":665,"column":34}},"665":{"start":{"line":666,"column":0},"end":{"line":666,"column":43}},"666":{"start":{"line":667,"column":0},"end":{"line":667,"column":30}},"667":{"start":{"line":668,"column":0},"end":{"line":668,"column":17}},"668":{"start":{"line":669,"column":0},"end":{"line":669,"column":13}},"669":{"start":{"line":670,"column":0},"end":{"line":670,"column":10}},"671":{"start":{"line":672,"column":0},"end":{"line":672,"column":28}},"673":{"start":{"line":674,"column":0},"end":{"line":674,"column":21}},"674":{"start":{"line":675,"column":0},"end":{"line":675,"column":41}},"675":{"start":{"line":676,"column":0},"end":{"line":676,"column":61}},"676":{"start":{"line":677,"column":0},"end":{"line":677,"column":52}},"677":{"start":{"line":678,"column":0},"end":{"line":678,"column":59}},"678":{"start":{"line":679,"column":0},"end":{"line":679,"column":24}},"679":{"start":{"line":680,"column":0},"end":{"line":680,"column":9}},"680":{"start":{"line":681,"column":0},"end":{"line":681,"column":71}},"681":{"start":{"line":682,"column":0},"end":{"line":682,"column":15}},"683":{"start":{"line":684,"column":0},"end":{"line":684,"column":55}},"684":{"start":{"line":685,"column":0},"end":{"line":685,"column":5}},"685":{"start":{"line":686,"column":0},"end":{"line":686,"column":1}},"688":{"start":{"line":689,"column":0},"end":{"line":689,"column":36}},"689":{"start":{"line":690,"column":0},"end":{"line":690,"column":26}},"690":{"start":{"line":691,"column":0},"end":{"line":691,"column":22}},"691":{"start":{"line":692,"column":0},"end":{"line":692,"column":20}},"692":{"start":{"line":693,"column":0},"end":{"line":693,"column":24}},"693":{"start":{"line":694,"column":0},"end":{"line":694,"column":22}},"694":{"start":{"line":695,"column":0},"end":{"line":695,"column":29}},"696":{"start":{"line":697,"column":0},"end":{"line":697,"column":32}},"697":{"start":{"line":698,"column":0},"end":{"line":698,"column":89}},"700":{"start":{"line":701,"column":0},"end":{"line":701,"column":88}},"701":{"start":{"line":702,"column":0},"end":{"line":702,"column":117}},"702":{"start":{"line":703,"column":0},"end":{"line":703,"column":61}},"704":{"start":{"line":705,"column":0},"end":{"line":705,"column":9}},"705":{"start":{"line":706,"column":0},"end":{"line":706,"column":54}},"708":{"start":{"line":709,"column":0},"end":{"line":709,"column":22}},"709":{"start":{"line":710,"column":0},"end":{"line":710,"column":32}},"710":{"start":{"line":711,"column":0},"end":{"line":711,"column":40}},"711":{"start":{"line":712,"column":0},"end":{"line":712,"column":51}},"712":{"start":{"line":713,"column":0},"end":{"line":713,"column":36}},"713":{"start":{"line":714,"column":0},"end":{"line":714,"column":27}},"714":{"start":{"line":715,"column":0},"end":{"line":715,"column":17}},"715":{"start":{"line":716,"column":0},"end":{"line":716,"column":26}},"716":{"start":{"line":717,"column":0},"end":{"line":717,"column":10}},"718":{"start":{"line":719,"column":0},"end":{"line":719,"column":54}},"719":{"start":{"line":720,"column":0},"end":{"line":720,"column":58}},"721":{"start":{"line":722,"column":0},"end":{"line":722,"column":28}},"722":{"start":{"line":723,"column":0},"end":{"line":723,"column":55}},"723":{"start":{"line":724,"column":0},"end":{"line":724,"column":42}},"724":{"start":{"line":725,"column":0},"end":{"line":725,"column":15}},"726":{"start":{"line":727,"column":0},"end":{"line":727,"column":49}},"727":{"start":{"line":728,"column":0},"end":{"line":728,"column":42}},"728":{"start":{"line":729,"column":0},"end":{"line":729,"column":82}},"729":{"start":{"line":730,"column":0},"end":{"line":730,"column":15}},"731":{"start":{"line":732,"column":0},"end":{"line":732,"column":120}},"732":{"start":{"line":733,"column":0},"end":{"line":733,"column":11}},"735":{"start":{"line":736,"column":0},"end":{"line":736,"column":71}},"736":{"start":{"line":737,"column":0},"end":{"line":737,"column":57}},"738":{"start":{"line":739,"column":0},"end":{"line":739,"column":16}},"739":{"start":{"line":740,"column":0},"end":{"line":740,"column":37}},"740":{"start":{"line":741,"column":0},"end":{"line":741,"column":41}},"741":{"start":{"line":742,"column":0},"end":{"line":742,"column":80}},"742":{"start":{"line":743,"column":0},"end":{"line":743,"column":41}},"743":{"start":{"line":744,"column":0},"end":{"line":744,"column":10}},"745":{"start":{"line":746,"column":0},"end":{"line":746,"column":21}},"746":{"start":{"line":747,"column":0},"end":{"line":747,"column":27}},"747":{"start":{"line":748,"column":0},"end":{"line":748,"column":52}},"748":{"start":{"line":749,"column":0},"end":{"line":749,"column":59}},"749":{"start":{"line":750,"column":0},"end":{"line":750,"column":24}},"750":{"start":{"line":751,"column":0},"end":{"line":751,"column":9}},"751":{"start":{"line":752,"column":0},"end":{"line":752,"column":71}},"752":{"start":{"line":753,"column":0},"end":{"line":753,"column":15}},"753":{"start":{"line":754,"column":0},"end":{"line":754,"column":56}},"754":{"start":{"line":755,"column":0},"end":{"line":755,"column":5}},"755":{"start":{"line":756,"column":0},"end":{"line":756,"column":2}},"758":{"start":{"line":759,"column":0},"end":{"line":759,"column":56}},"759":{"start":{"line":760,"column":0},"end":{"line":760,"column":9}},"760":{"start":{"line":761,"column":0},"end":{"line":761,"column":37}},"761":{"start":{"line":762,"column":0},"end":{"line":762,"column":70}},"762":{"start":{"line":763,"column":0},"end":{"line":763,"column":11}},"764":{"start":{"line":765,"column":0},"end":{"line":765,"column":46}},"765":{"start":{"line":766,"column":0},"end":{"line":766,"column":58}},"767":{"start":{"line":768,"column":0},"end":{"line":768,"column":33}},"768":{"start":{"line":769,"column":0},"end":{"line":769,"column":79}},"769":{"start":{"line":770,"column":0},"end":{"line":770,"column":9}},"771":{"start":{"line":772,"column":0},"end":{"line":772,"column":33}},"772":{"start":{"line":773,"column":0},"end":{"line":773,"column":21}},"773":{"start":{"line":774,"column":0},"end":{"line":774,"column":66}},"774":{"start":{"line":775,"column":0},"end":{"line":775,"column":24}},"775":{"start":{"line":776,"column":0},"end":{"line":776,"column":9}},"776":{"start":{"line":777,"column":0},"end":{"line":777,"column":129}},"777":{"start":{"line":778,"column":0},"end":{"line":778,"column":5}},"778":{"start":{"line":779,"column":0},"end":{"line":779,"column":1}}},"s":{"12":1,"14":1,"15":1,"18":1,"19":1,"20":1,"21":1,"22":1,"25":1,"26":1,"27":1,"28":1,"29":1,"30":1,"31":1,"32":1,"33":1,"34":1,"35":1,"36":1,"37":1,"38":1,"39":1,"40":1,"41":1,"42":1,"43":1,"44":1,"45":1,"46":1,"47":1,"48":1,"49":1,"50":1,"51":1,"52":1,"53":1,"54":1,"55":1,"56":1,"57":1,"58":1,"59":1,"60":1,"61":1,"62":1,"63":1,"64":1,"65":1,"66":1,"67":1,"68":1,"69":1,"70":1,"71":1,"72":1,"73":1,"74":1,"75":1,"76":1,"77":1,"78":1,"79":1,"80":1,"81":1,"82":1,"83":1,"84":1,"85":1,"86":1,"87":1,"88":1,"89":1,"90":1,"91":1,"92":1,"93":1,"94":1,"95":1,"96":1,"97":1,"98":1,"99":1,"100":1,"101":1,"102":1,"103":1,"104":1,"105":1,"106":1,"107":1,"108":1,"109":1,"110":1,"116":1,"117":4,"118":4,"119":30,"120":4,"121":1,"124":1,"126":3,"127":3,"128":3,"129":3,"130":3,"131":3,"132":3,"133":3,"134":3,"135":3,"136":3,"137":3,"138":3,"139":3,"140":3,"141":3,"142":3,"143":3,"144":3,"145":3,"146":3,"147":3,"148":3,"149":3,"150":3,"151":3,"153":3,"156":3,"157":3,"159":3,"160":20,"161":20,"162":20,"163":20,"164":3,"166":3,"167":3,"169":3,"170":3,"171":3,"172":3,"173":3,"175":3,"176":20,"177":20,"178":20,"179":20,"180":20,"181":3,"219":3,"221":20,"223":20,"224":20,"226":20,"227":3,"244":3,"245":1,"248":1,"249":1,"250":1,"251":1,"252":1,"253":1,"254":1,"255":1,"256":1,"257":1,"258":1,"259":1,"260":1,"261":1,"262":1,"263":1,"264":1,"265":1,"266":1,"267":1,"268":1,"269":1,"270":1,"271":1,"272":1,"273":1,"274":1,"275":1,"276":0,"277":0,"279":1,"280":1,"281":1,"282":1,"284":1,"285":0,"286":0,"287":0,"289":1,"290":1,"291":1,"292":1,"294":1,"295":1,"296":0,"297":0,"298":0,"300":1,"301":1,"302":0,"303":0,"304":0,"305":0,"306":0,"307":0,"308":0,"309":0,"310":0,"311":0,"312":1,"317":1,"318":1,"319":1,"320":1,"321":1,"322":1,"323":1,"324":1,"325":1,"326":1,"327":1,"328":1,"329":1,"330":1,"331":1,"332":1,"333":1,"334":1,"335":1,"336":1,"337":1,"338":1,"339":1,"340":1,"341":1,"342":1,"343":1,"344":1,"345":1,"346":1,"347":1,"348":1,"349":1,"350":1,"351":1,"352":1,"367":1,"369":1,"370":2,"371":2,"372":2,"374":1,"375":1,"376":1,"379":1,"381":1,"382":2,"383":1,"385":1,"387":1,"388":1,"389":1,"391":1,"396":1,"397":1,"399":1,"401":2,"402":2,"403":2,"404":2,"406":2,"407":2,"408":2,"409":2,"410":2,"412":2,"414":2,"417":1,"418":2,"419":2,"420":2,"421":2,"422":2,"423":2,"424":2,"425":1,"433":0,"434":0,"436":0,"437":0,"438":0,"441":0,"444":0,"447":0,"448":0,"449":0,"450":0,"451":0,"452":0,"453":0,"454":0,"455":0,"456":0,"457":0,"458":0,"459":0,"460":0,"461":0,"462":0,"463":0,"464":0,"465":0,"466":0,"469":0,"470":0,"471":0,"472":0,"473":0,"475":0,"477":0,"478":0,"479":0,"482":0,"485":0,"486":0,"487":0,"488":0,"489":0,"491":0,"493":0,"495":0,"497":0,"498":0,"499":0,"500":0,"501":0,"502":0,"503":0,"504":0,"505":0,"506":0,"507":1,"510":0,"512":0,"513":0,"514":0,"517":0,"518":0,"519":0,"522":0,"523":0,"524":0,"526":0,"527":0,"528":0,"530":0,"531":0,"532":0,"535":0,"536":0,"537":0,"539":0,"540":1,"543":0,"544":0,"545":0,"546":0,"548":0,"549":0,"551":0,"552":0,"553":0,"555":0,"556":0,"557":0,"558":0,"559":1,"564":0,"565":0,"566":0,"567":0,"568":0,"570":0,"571":0,"572":0,"574":0,"575":0,"578":0,"579":0,"580":0,"583":0,"586":0,"589":0,"590":0,"591":0,"592":0,"593":0,"594":0,"595":1,"598":0,"601":0,"602":0,"603":0,"604":0,"605":0,"606":0,"607":0,"608":0,"609":0,"612":0,"613":0,"614":0,"615":0,"617":0,"618":0,"621":0,"622":0,"623":0,"625":0,"626":0,"627":0,"628":0,"629":0,"630":0,"631":0,"632":0,"633":0,"635":0,"636":1,"639":0,"640":0,"641":0,"642":0,"643":0,"644":0,"647":0,"648":0,"649":0,"651":0,"652":0,"654":0,"656":0,"659":0,"660":0,"661":0,"662":0,"663":0,"664":0,"665":0,"666":0,"667":0,"668":0,"669":0,"671":0,"673":0,"674":0,"675":0,"676":0,"677":0,"678":0,"679":0,"680":0,"681":0,"683":0,"684":0,"685":0,"688":0,"689":0,"690":0,"691":0,"692":0,"693":0,"694":0,"696":0,"697":0,"700":0,"701":0,"702":0,"704":0,"705":0,"708":0,"709":0,"710":0,"711":0,"712":0,"713":0,"714":0,"715":0,"716":0,"718":0,"719":0,"721":0,"722":0,"723":0,"724":0,"726":0,"727":0,"728":0,"729":0,"731":0,"732":0,"735":0,"736":0,"738":0,"739":0,"740":0,"741":0,"742":0,"743":0,"745":0,"746":0,"747":0,"748":0,"749":0,"750":0,"751":0,"752":0,"753":0,"754":0,"755":1,"758":0,"759":0,"760":0,"761":0,"762":0,"764":0,"765":0,"767":0,"768":0,"769":0,"771":0,"772":0,"773":0,"774":0,"775":0,"776":0,"777":0,"778":0},"branchMap":{"0":{"type":"branch","line":117,"loc":{"start":{"line":117,"column":7},"end":{"line":122,"column":1}},"locations":[{"start":{"line":117,"column":7},"end":{"line":122,"column":1}}]},"1":{"type":"branch","line":119,"loc":{"start":{"line":119,"column":55},"end":{"line":120,"column":59}},"locations":[{"start":{"line":119,"column":55},"end":{"line":120,"column":59}}]},"2":{"type":"branch","line":125,"loc":{"start":{"line":125,"column":7},"end":{"line":246,"column":1}},"locations":[{"start":{"line":125,"column":7},"end":{"line":246,"column":1}}]},"3":{"type":"branch","line":158,"loc":{"start":{"line":158,"column":52},"end":{"line":158,"column":99}},"locations":[{"start":{"line":158,"column":52},"end":{"line":158,"column":99}}]},"4":{"type":"branch","line":160,"loc":{"start":{"line":160,"column":101},"end":{"line":165,"column":5}},"locations":[{"start":{"line":160,"column":101},"end":{"line":165,"column":5}}]},"5":{"type":"branch","line":176,"loc":{"start":{"line":176,"column":34},"end":{"line":182,"column":3}},"locations":[{"start":{"line":176,"column":34},"end":{"line":182,"column":3}}]},"6":{"type":"branch","line":220,"loc":{"start":{"line":220,"column":36},"end":{"line":227,"column":40}},"locations":[{"start":{"line":220,"column":36},"end":{"line":227,"column":40}}]},"7":{"type":"branch","line":222,"loc":{"start":{"line":222,"column":55},"end":{"line":222,"column":67}},"locations":[{"start":{"line":222,"column":55},"end":{"line":222,"column":67}}]},"8":{"type":"branch","line":222,"loc":{"start":{"line":222,"column":59},"end":{"line":222,"column":119}},"locations":[{"start":{"line":222,"column":59},"end":{"line":222,"column":119}}]},"9":{"type":"branch","line":222,"loc":{"start":{"line":222,"column":92},"end":{"line":222,"column":110}},"locations":[{"start":{"line":222,"column":92},"end":{"line":222,"column":110}}]},"10":{"type":"branch","line":222,"loc":{"start":{"line":222,"column":96},"end":{"line":222,"column":119}},"locations":[{"start":{"line":222,"column":96},"end":{"line":222,"column":119}}]},"11":{"type":"branch","line":224,"loc":{"start":{"line":224,"column":47},"end":{"line":224,"column":67}},"locations":[{"start":{"line":224,"column":47},"end":{"line":224,"column":67}}]},"12":{"type":"branch","line":224,"loc":{"start":{"line":224,"column":51},"end":{"line":224,"column":84}},"locations":[{"start":{"line":224,"column":51},"end":{"line":224,"column":84}}]},"13":{"type":"branch","line":249,"loc":{"start":{"line":249,"column":0},"end":{"line":313,"column":1}},"locations":[{"start":{"line":249,"column":0},"end":{"line":313,"column":1}}]},"14":{"type":"branch","line":276,"loc":{"start":{"line":276,"column":26},"end":{"line":278,"column":9}},"locations":[{"start":{"line":276,"column":26},"end":{"line":278,"column":9}}]},"15":{"type":"branch","line":285,"loc":{"start":{"line":285,"column":48},"end":{"line":288,"column":9}},"locations":[{"start":{"line":285,"column":48},"end":{"line":288,"column":9}}]},"16":{"type":"branch","line":296,"loc":{"start":{"line":296,"column":42},"end":{"line":299,"column":9}},"locations":[{"start":{"line":296,"column":42},"end":{"line":299,"column":9}}]},"17":{"type":"branch","line":302,"loc":{"start":{"line":302,"column":4},"end":{"line":312,"column":5}},"locations":[{"start":{"line":302,"column":4},"end":{"line":312,"column":5}}]},"18":{"type":"branch","line":370,"loc":{"start":{"line":370,"column":11},"end":{"line":373,"column":10}},"locations":[{"start":{"line":370,"column":11},"end":{"line":373,"column":10}}]},"19":{"type":"branch","line":375,"loc":{"start":{"line":375,"column":11},"end":{"line":398,"column":5}},"locations":[{"start":{"line":375,"column":11},"end":{"line":398,"column":5}}]},"20":{"type":"branch","line":382,"loc":{"start":{"line":382,"column":51},"end":{"line":384,"column":9}},"locations":[{"start":{"line":382,"column":51},"end":{"line":384,"column":9}}]},"21":{"type":"branch","line":400,"loc":{"start":{"line":400,"column":19},"end":{"line":415,"column":5}},"locations":[{"start":{"line":400,"column":19},"end":{"line":415,"column":5}}]},"22":{"type":"branch","line":418,"loc":{"start":{"line":418,"column":19},"end":{"line":425,"column":6}},"locations":[{"start":{"line":418,"column":19},"end":{"line":425,"column":6}}]}},"b":{"0":[4],"1":[30],"2":[3],"3":[20],"4":[20],"5":[20],"6":[20],"7":[10],"8":[10],"9":[5],"10":[5],"11":[10],"12":[10],"13":[1],"14":[0],"15":[0],"16":[0],"17":[0],"18":[2],"19":[1],"20":[2],"21":[2],"22":[2]},"fnMap":{"0":{"name":"getRandomSpeakerAccent","decl":{"start":{"line":117,"column":7},"end":{"line":122,"column":1}},"loc":{"start":{"line":117,"column":7},"end":{"line":122,"column":1}},"line":117},"1":{"name":"generatePrompt","decl":{"start":{"line":125,"column":7},"end":{"line":246,"column":1}},"loc":{"start":{"line":125,"column":7},"end":{"line":246,"column":1}},"line":125},"2":{"name":"callChatGPT","decl":{"start":{"line":249,"column":0},"end":{"line":313,"column":1}},"loc":{"start":{"line":249,"column":0},"end":{"line":313,"column":1}},"line":249},"3":{"name":"selectRandomVoice","decl":{"start":{"line":370,"column":11},"end":{"line":373,"column":10}},"loc":{"start":{"line":370,"column":11},"end":{"line":373,"column":10}},"line":370},"4":{"name":"generateSSML","decl":{"start":{"line":375,"column":11},"end":{"line":398,"column":5}},"loc":{"start":{"line":375,"column":11},"end":{"line":398,"column":5}},"line":375},"5":{"name":"createQuestionSSML","decl":{"start":{"line":400,"column":19},"end":{"line":415,"column":5}},"loc":{"start":{"line":400,"column":19},"end":{"line":415,"column":5}},"line":400},"6":{"name":"escapeSSML","decl":{"start":{"line":418,"column":19},"end":{"line":425,"column":6}},"loc":{"start":{"line":418,"column":19},"end":{"line":425,"column":6}},"line":418},"7":{"name":"callGoogleCloudTTS","decl":{"start":{"line":434,"column":0},"end":{"line":508,"column":1}},"loc":{"start":{"line":434,"column":0},"end":{"line":508,"column":1}},"line":434},"8":{"name":"validateSSML","decl":{"start":{"line":511,"column":0},"end":{"line":541,"column":1}},"loc":{"start":{"line":511,"column":0},"end":{"line":541,"column":1}},"line":511},"9":{"name":"validateMarkTagOrder","decl":{"start":{"line":544,"column":0},"end":{"line":560,"column":1}},"loc":{"start":{"line":544,"column":0},"end":{"line":560,"column":1}},"line":544},"10":{"name":"splitAudioByQuestions","decl":{"start":{"line":565,"column":0},"end":{"line":596,"column":1}},"loc":{"start":{"line":565,"column":0},"end":{"line":596,"column":1}},"line":565},"11":{"name":"extractQuestionTimeRangeList","decl":{"start":{"line":599,"column":0},"end":{"line":637,"column":1}},"loc":{"start":{"line":599,"column":0},"end":{"line":637,"column":1}},"line":599},"12":{"name":"extractMultipleAudioSegments","decl":{"start":{"line":640,"column":0},"end":{"line":686,"column":1}},"loc":{"start":{"line":640,"column":0},"end":{"line":686,"column":1}},"line":640},"13":{"name":"extractSingleSegment","decl":{"start":{"line":689,"column":0},"end":{"line":756,"column":1}},"loc":{"start":{"line":689,"column":0},"end":{"line":756,"column":1}},"line":689},"14":{"name":"getGoogleAccessToken","decl":{"start":{"line":759,"column":0},"end":{"line":779,"column":1}},"loc":{"start":{"line":759,"column":0},"end":{"line":779,"column":1}},"line":759}},"f":{"0":4,"1":3,"2":1,"3":2,"4":1,"5":2,"6":2,"7":0,"8":0,"9":0,"10":0,"11":0,"12":0,"13":0,"14":0}}
}
