TN:
SF:listening-quiz-transactions/services/lquizapiservice.ts
FN:117,getRandomSpeakerAccent
FN:119,(anonymous_1)
FN:125,generatePrompt
FN:158,(anonymous_3)
FN:160,(anonymous_4)
FN:176,(anonymous_5)
FN:219,(anonymous_6)
FN:247,callChatGPT
FN:357,(anonymous_8)
FN:362,(anonymous_9)
FN:369,(anonymous_10)
FN:387,(anonymous_11)
FN:406,(anonymous_12)
FN:422,callGoogleCloudTTS
FN:480,(anonymous_14)
FN:499,validateSSML
FN:512,(anonymous_16)
FN:513,(anonymous_17)
FN:532,validateMarkTagOrder
FN:587,extractQuestionTimeRangeList
FN:602,(anonymous_21)
FN:628,extractMultipleAudioSegments
FN:649,(anonymous_23)
FN:672,(anonymous_24)
FN:677,extractSingleSegment
FN:707,(anonymous_26)
FN:711,(anonymous_27)
FN:715,(anonymous_28)
FN:720,(anonymous_29)
FN:742,(anonymous_30)
FN:747,getGoogleAccessToken
FNF:31
FNH:1
FNDA:0,getRandomSpeakerAccent
FNDA:0,(anonymous_1)
FNDA:0,generatePrompt
FNDA:0,(anonymous_3)
FNDA:0,(anonymous_4)
FNDA:0,(anonymous_5)
FNDA:0,(anonymous_6)
FNDA:1,callChatGPT
FNDA:0,(anonymous_8)
FNDA:0,(anonymous_9)
FNDA:0,(anonymous_10)
FNDA:0,(anonymous_11)
FNDA:0,(anonymous_12)
FNDA:0,callGoogleCloudTTS
FNDA:0,(anonymous_14)
FNDA:0,validateSSML
FNDA:0,(anonymous_16)
FNDA:0,(anonymous_17)
FNDA:0,validateMarkTagOrder
FNDA:0,extractQuestionTimeRangeList
FNDA:0,(anonymous_21)
FNDA:0,extractMultipleAudioSegments
FNDA:0,(anonymous_23)
FNDA:0,(anonymous_24)
FNDA:0,extractSingleSegment
FNDA:0,(anonymous_26)
FNDA:0,(anonymous_27)
FNDA:0,(anonymous_28)
FNDA:0,(anonymous_29)
FNDA:0,(anonymous_30)
FNDA:0,getGoogleAccessToken
DA:26,1
DA:118,0
DA:119,0
DA:120,0
DA:127,0
DA:154,0
DA:157,0
DA:158,0
DA:160,0
DA:161,0
DA:167,0
DA:176,0
DA:219,0
DA:248,1
DA:249,1
DA:272,1
DA:273,1
DA:276,0
DA:277,0
DA:279,0
DA:280,0
DA:282,0
DA:283,0
DA:284,0
DA:285,0
DA:288,0
DA:290,1
DA:291,0
DA:292,0
DA:293,1
DA:294,1
DA:296,0
DA:297,0
DA:305,1
DA:358,0
DA:359,0
DA:363,0
DA:364,0
DA:367,0
DA:369,0
DA:370,0
DA:373,0
DA:389,0
DA:393,0
DA:395,0
DA:407,0
DA:423,0
DA:425,0
DA:426,0
DA:430,0
DA:433,0
DA:436,0
DA:458,0
DA:459,0
DA:460,0
DA:461,0
DA:464,0
DA:466,0
DA:467,0
DA:471,0
DA:474,0
DA:480,0
DA:482,0
DA:484,0
DA:487,0
DA:488,0
DA:492,0
DA:494,0
DA:501,0
DA:502,0
DA:506,0
DA:507,0
DA:511,0
DA:512,0
DA:513,0
DA:515,0
DA:516,0
DA:519,0
DA:520,0
DA:524,0
DA:525,0
DA:528,0
DA:533,0
DA:534,0
DA:535,0
DA:537,0
DA:538,0
DA:540,0
DA:541,0
DA:544,0
DA:545,0
DA:559,0
DA:560,0
DA:563,0
DA:564,0
DA:567,0
DA:568,0
DA:572,0
DA:575,0
DA:578,0
DA:590,0
DA:591,0
DA:593,0
DA:594,0
DA:596,0
DA:597,0
DA:601,0
DA:602,0
DA:603,0
DA:606,0
DA:607,0
DA:610,0
DA:611,0
DA:612,0
DA:614,0
DA:615,0
DA:620,0
DA:624,0
DA:636,0
DA:637,0
DA:640,0
DA:641,0
DA:643,0
DA:645,0
DA:648,0
DA:650,0
DA:660,0
DA:663,0
DA:664,0
DA:667,0
DA:669,0
DA:672,0
DA:685,0
DA:686,0
DA:689,0
DA:690,0
DA:691,0
DA:693,0
DA:694,0
DA:697,0
DA:707,0
DA:708,0
DA:710,0
DA:711,0
DA:712,0
DA:715,0
DA:716,0
DA:717,0
DA:720,0
DA:724,0
DA:725,0
DA:727,0
DA:735,0
DA:736,0
DA:738,0
DA:740,0
DA:742,0
DA:748,0
DA:749,0
DA:753,0
DA:754,0
DA:756,0
DA:757,0
DA:760,0
DA:762,0
DA:763,0
DA:765,0
LF:167
LH:9
BRDA:221,0,0,0
BRDA:221,0,1,0
BRDA:221,1,0,0
BRDA:221,1,1,0
BRDA:223,2,0,0
BRDA:223,2,1,0
BRDA:272,3,0,1
BRDA:283,4,0,0
BRDA:290,5,0,0
BRDA:290,5,1,1
BRDA:293,6,0,1
BRDA:293,6,1,0
BRDA:425,7,0,0
BRDA:441,8,0,0
BRDA:441,8,1,0
BRDA:458,9,0,0
BRDA:466,10,0,0
BRDA:476,11,0,0
BRDA:476,11,1,0
BRDA:488,12,0,0
BRDA:488,13,0,0
BRDA:488,13,1,0
BRDA:488,13,2,0
BRDA:488,13,3,0
BRDA:501,14,0,0
BRDA:501,15,0,0
BRDA:501,15,1,0
BRDA:506,16,0,0
BRDA:506,17,0,0
BRDA:506,17,1,0
BRDA:511,18,0,0
BRDA:511,18,1,0
BRDA:515,19,0,0
BRDA:519,20,0,0
BRDA:524,21,0,0
BRDA:540,22,0,0
BRDA:540,23,0,0
BRDA:540,23,1,0
BRDA:544,24,0,0
BRDA:559,25,0,0
BRDA:567,26,0,0
BRDA:567,27,0,0
BRDA:567,27,1,0
BRDA:590,28,0,0
BRDA:593,29,0,0
BRDA:596,30,0,0
BRDA:614,31,0,0
BRDA:614,31,1,0
BRDA:614,32,0,0
BRDA:614,32,1,0
BRDA:636,33,0,0
BRDA:664,34,0,0
BRDA:664,35,0,0
BRDA:664,35,1,0
BRDA:664,35,2,0
BRDA:716,36,0,0
BRDA:716,36,1,0
BRDA:736,37,0,0
BRDA:736,38,0,0
BRDA:736,38,1,0
BRDA:756,39,0,0
BRDA:762,40,0,0
BRDA:765,41,0,0
BRDA:765,41,1,0
BRF:64
BRH:3
end_of_record
TN:
SF:users/usercontrollers.ts
FN:18,userRegisterController
FN:46,(anonymous_1)
FN:62,userLoginController
FN:90,(anonymous_3)
FNF:4
FNH:0
FNDA:0,userRegisterController
FNDA:0,(anonymous_1)
FNDA:0,userLoginController
FNDA:0,(anonymous_3)
DA:19,0
DA:20,0
DA:23,0
DA:26,0
DA:29,0
DA:32,0
DA:35,0
DA:37,0
DA:38,0
DA:39,0
DA:40,0
DA:42,0
DA:43,0
DA:44,0
DA:46,0
DA:51,0
DA:53,0
DA:54,0
DA:55,0
DA:56,0
DA:63,0
DA:64,0
DA:67,0
DA:70,0
DA:73,0
DA:76,0
DA:79,0
DA:80,0
DA:83,0
DA:84,0
DA:86,0
DA:87,0
DA:88,0
DA:90,0
DA:96,0
DA:97,0
DA:98,0
LF:37
LH:0
BRDA:42,0,0,0
BRDA:42,0,1,0
BRDA:80,1,0,0
BRDA:80,1,1,0
BRDA:86,2,0,0
BRDA:86,2,1,0
BRF:6
BRH:0
end_of_record
TN:
SF:users/usermodels.ts
FN:24,userDBGetConnect
FN:34,userDBNewDataRecord
FN:49,userDBLoginDataExtract
FN:63,userDBRelease
FN:73,userDBDisconnect
FNF:5
FNH:0
FNDA:0,userDBGetConnect
FNDA:0,userDBNewDataRecord
FNDA:0,userDBLoginDataExtract
FNDA:0,userDBRelease
FNDA:0,userDBDisconnect
DA:12,0
DA:15,0
DA:25,0
DA:26,0
DA:28,0
DA:29,0
DA:35,0
DA:36,0
DA:37,0
DA:38,0
DA:39,0
DA:40,0
DA:41,0
DA:43,0
DA:44,0
DA:50,0
DA:51,0
DA:52,0
DA:53,0
DA:54,0
DA:55,0
DA:57,0
DA:58,0
DA:64,0
DA:65,0
DA:67,0
DA:68,0
DA:74,0
DA:75,0
DA:77,0
DA:78,0
LF:31
LH:0
BRF:0
BRH:0
end_of_record
TN:
SF:users/userroutes.ts
FNF:0
FNH:0
DA:5,0
DA:8,0
DA:11,0
LF:3
LH:0
BRF:0
BRH:0
end_of_record
TN:
SF:users/userservice.ts
FN:16,userIdGenerate
FN:22,userPasswordEncrypt
FN:32,userDBConnect
FN:38,userDataRegister
FN:57,userLogin
FNF:5
FNH:0
FNDA:0,userIdGenerate
FNDA:0,userPasswordEncrypt
FNDA:0,userDBConnect
FNDA:0,userDataRegister
FNDA:0,userLogin
DA:17,0
DA:18,0
DA:23,0
DA:24,0
DA:25,0
DA:27,0
DA:33,0
DA:39,0
DA:40,0
DA:41,0
DA:42,0
DA:43,0
DA:44,0
DA:45,0
DA:47,0
DA:50,0
DA:52,0
DA:58,0
DA:59,0
DA:60,0
DA:61,0
DA:62,0
DA:63,0
DA:65,0
DA:68,0
DA:70,0
LF:26
LH:0
BRDA:23,0,0,0
BRDA:23,0,1,0
BRDA:43,1,0,0
BRDA:43,1,1,0
BRDA:43,2,0,0
BRDA:43,2,1,0
BRDA:43,2,2,0
BRDA:61,3,0,0
BRDA:61,3,1,0
BRDA:61,4,0,0
BRDA:61,4,1,0
BRDA:63,5,0,0
BRDA:63,5,1,0
BRF:13
BRH:0
end_of_record
