TN:
SF:users/usermodels.ts
FN:21,userDBGetConnect
FN:31,userDBNewDataRecord
FN:46,userDBLoginDataExtract
FN:60,userDBRelease
FN:70,userDBDisconnect
FNF:5
FNH:1
FNDA:1,userDBGetConnect
FNDA:0,userDBNewDataRecord
FNDA:0,userDBLoginDataExtract
FNDA:0,userDBRelease
FNDA:0,userDBDisconnect
DA:8,1
DA:12,1
DA:21,1
DA:22,1
DA:23,1
DA:25,0
DA:26,0
DA:31,1
DA:32,0
DA:33,0
DA:34,0
DA:35,0
DA:36,0
DA:37,0
DA:38,0
DA:40,0
DA:41,0
DA:46,1
DA:47,0
DA:48,0
DA:49,0
DA:50,0
DA:51,0
DA:52,0
DA:54,0
DA:55,0
DA:60,1
DA:61,0
DA:62,0
DA:64,0
DA:65,0
DA:70,1
DA:71,0
DA:72,0
DA:74,0
DA:75,0
LF:36
LH:9
BRF:0
BRH:0
end_of_record
TN:
SF:users/userservice.ts
FN:7,userIdGenerate
FN:13,userPasswordEncrypt
FN:19,userDBConnect
FN:30,userDataRegister
FN:50,userLogin
FNF:5
FNH:3
FNDA:1,userIdGenerate
FNDA:1,userPasswordEncrypt
FNDA:1,userDBConnect
FNDA:0,userDataRegister
FNDA:0,userLogin
DA:1,1
DA:2,1
DA:7,1
DA:8,1
DA:9,1
DA:13,1
DA:14,1
DA:15,1
DA:19,1
DA:20,1
DA:21,1
DA:23,0
DA:24,0
DA:30,1
DA:31,0
DA:32,0
DA:33,0
DA:34,0
DA:35,0
DA:36,0
DA:38,0
DA:39,0
DA:41,0
DA:44,0
DA:45,0
DA:50,1
DA:51,0
DA:52,0
DA:53,0
DA:54,0
DA:55,0
DA:56,0
DA:58,0
DA:59,0
DA:60,0
DA:63,0
DA:64,0
LF:37
LH:13
BRDA:34,0,0,0
BRDA:34,0,1,0
BRDA:34,1,0,0
BRDA:34,1,1,0
BRDA:34,1,2,0
BRDA:53,2,0,0
BRDA:53,2,1,0
BRDA:53,3,0,0
BRDA:53,3,1,0
BRDA:56,4,0,0
BRDA:56,4,1,0
BRF:11
BRH:0
end_of_record
